2025-09-25T00:14:01.032+08:00  INFO 25416 --- [java-assessment] [File Watcher] rtingClassPathChangeChangedEventListener : Restarting due to 1 class path change (1 addition, 0 deletions, 0 modifications)
2025-09-25T00:14:01.041+08:00  INFO 25416 --- [java-assessment] [Thread-4] o.s.b.w.e.tomcat.GracefulShutdown        : Commencing graceful shutdown. Waiting for active requests to complete
2025-09-25T00:14:01.264+08:00  INFO 25416 --- [java-assessment] [tomcat-shutdown] o.s.b.w.e.tomcat.GracefulShutdown        : Graceful shutdown complete
2025-09-25T00:14:01.367+08:00  INFO 25416 --- [java-assessment] [restartedMain] c.e.j.a.JavaAssessmentApplication        : Starting JavaAssessmentApplication using Java 17.0.12 with PID 25416 (C:\Users\gokan\Documents\java-assessment-\target\classes started by User Aina in C:\Users\gokan\Documents\java-assessment-)
2025-09-25T00:14:01.369+08:00  INFO 25416 --- [java-assessment] [restartedMain] c.e.j.a.JavaAssessmentApplication        : No active profile set, falling back to 1 default profile: "default"
2025-09-25T00:14:01.559+08:00  INFO 25416 --- [java-assessment] [restartedMain] .s.d.r.c.RepositoryConfigurationDelegate : Bootstrapping Spring Data R2DBC repositories in DEFAULT mode.
2025-09-25T00:14:01.572+08:00  INFO 25416 --- [java-assessment] [restartedMain] .s.d.r.c.RepositoryConfigurationDelegate : Finished Spring Data repository scanning in 11 ms. Found 2 R2DBC repository interfaces.
2025-09-25T00:14:01.915+08:00  INFO 25416 --- [java-assessment] [restartedMain] o.s.b.w.embedded.tomcat.TomcatWebServer  : Tomcat initialized with port 8080 (http)
2025-09-25T00:14:01.916+08:00  INFO 25416 --- [java-assessment] [restartedMain] o.apache.catalina.core.StandardService   : Starting service [Tomcat]
2025-09-25T00:14:01.916+08:00  INFO 25416 --- [java-assessment] [restartedMain] o.apache.catalina.core.StandardEngine    : Starting Servlet engine: [Apache Tomcat/10.1.46]
2025-09-25T00:14:01.983+08:00  INFO 25416 --- [java-assessment] [restartedMain] o.a.c.c.C.[Tomcat].[localhost].[/]       : Initializing Spring embedded WebApplicationContext
2025-09-25T00:14:01.983+08:00  INFO 25416 --- [java-assessment] [restartedMain] w.s.c.ServletWebServerApplicationContext : Root WebApplicationContext: initialization completed in 612 ms
2025-09-25T00:14:02.065+08:00  INFO 25416 --- [java-assessment] [restartedMain] o.s.b.d.a.OptionalLiveReloadServer       : LiveReload server is running on port 35729
2025-09-25T00:14:02.221+08:00 DEBUG 25416 --- [java-assessment] [restartedMain] s.w.s.m.m.a.RequestMappingHandlerMapping : 16 mappings in 'requestMappingHandlerMapping'
2025-09-25T00:14:02.243+08:00 DEBUG 25416 --- [java-assessment] [restartedMain] o.s.w.s.handler.SimpleUrlHandlerMapping  : Patterns [/webjars/**, /**, /swagger-ui*/*swagger-initializer.js, /swagger-ui*/**] in 'resourceHandlerMapping'
2025-09-25T00:14:02.252+08:00 DEBUG 25416 --- [java-assessment] [restartedMain] s.w.s.m.m.a.RequestMappingHandlerAdapter : ControllerAdvice beans: 0 @ModelAttribute, 0 @InitBinder, 1 RequestBodyAdvice, 1 ResponseBodyAdvice
2025-09-25T00:14:02.260+08:00 DEBUG 25416 --- [java-assessment] [restartedMain] .m.m.a.ExceptionHandlerExceptionResolver : ControllerAdvice beans: 2 @ExceptionHandler, 1 ResponseBodyAdvice
2025-09-25T00:14:02.408+08:00  INFO 25416 --- [java-assessment] [restartedMain] o.s.b.w.embedded.tomcat.TomcatWebServer  : Tomcat started on port 8080 (http) with context path '/'
2025-09-25T00:14:02.416+08:00  INFO 25416 --- [java-assessment] [restartedMain] c.e.j.a.JavaAssessmentApplication        : Started JavaAssessmentApplication in 1.081 seconds (process running for 1663.704)
2025-09-25T00:14:02.418+08:00  INFO 25416 --- [java-assessment] [restartedMain] .ConditionEvaluationDeltaLoggingListener : Condition evaluation unchanged
2025-09-25T00:14:44.711+08:00  INFO 25416 --- [java-assessment] [SpringApplicationShutdownHook] o.s.b.w.e.tomcat.GracefulShutdown        : Commencing graceful shutdown. Waiting for active requests to complete
2025-09-25T00:14:44.952+08:00  INFO 25416 --- [java-assessment] [tomcat-shutdown] o.s.b.w.e.tomcat.GracefulShutdown        : Graceful shutdown complete
2025-09-25T00:14:49.498+08:00  INFO 19432 --- [java-assessment] [restartedMain] c.e.j.a.JavaAssessmentApplication        : Starting JavaAssessmentApplication using Java 17.0.12 with PID 19432 (C:\Users\gokan\Documents\java-assessment-\target\classes started by User Aina in C:\Users\gokan\Documents\java-assessment-)
2025-09-25T00:14:49.501+08:00  INFO 19432 --- [java-assessment] [restartedMain] c.e.j.a.JavaAssessmentApplication        : No active profile set, falling back to 1 default profile: "default"
2025-09-25T00:14:49.558+08:00  INFO 19432 --- [java-assessment] [restartedMain] .e.DevToolsPropertyDefaultsPostProcessor : Devtools property defaults active! Set 'spring.devtools.add-properties' to 'false' to disable
2025-09-25T00:14:49.559+08:00  INFO 19432 --- [java-assessment] [restartedMain] .e.DevToolsPropertyDefaultsPostProcessor : For additional web related logging consider setting the 'logging.level.web' property to 'DEBUG'
2025-09-25T00:14:50.195+08:00  INFO 19432 --- [java-assessment] [restartedMain] .s.d.r.c.RepositoryConfigurationDelegate : Bootstrapping Spring Data R2DBC repositories in DEFAULT mode.
2025-09-25T00:14:50.361+08:00  INFO 19432 --- [java-assessment] [restartedMain] .s.d.r.c.RepositoryConfigurationDelegate : Finished Spring Data repository scanning in 159 ms. Found 2 R2DBC repository interfaces.
2025-09-25T00:14:51.215+08:00  INFO 19432 --- [java-assessment] [restartedMain] o.s.b.w.embedded.tomcat.TomcatWebServer  : Tomcat initialized with port 8080 (http)
2025-09-25T00:14:51.231+08:00  INFO 19432 --- [java-assessment] [restartedMain] o.apache.catalina.core.StandardService   : Starting service [Tomcat]
2025-09-25T00:14:51.231+08:00  INFO 19432 --- [java-assessment] [restartedMain] o.apache.catalina.core.StandardEngine    : Starting Servlet engine: [Apache Tomcat/10.1.46]
2025-09-25T00:14:51.290+08:00  INFO 19432 --- [java-assessment] [restartedMain] o.a.c.c.C.[Tomcat].[localhost].[/]       : Initializing Spring embedded WebApplicationContext
2025-09-25T00:14:51.290+08:00  INFO 19432 --- [java-assessment] [restartedMain] w.s.c.ServletWebServerApplicationContext : Root WebApplicationContext: initialization completed in 1730 ms
2025-09-25T00:14:51.731+08:00  INFO 19432 --- [java-assessment] [restartedMain] o.s.b.d.a.OptionalLiveReloadServer       : LiveReload server is running on port 35729
2025-09-25T00:14:52.188+08:00 DEBUG 19432 --- [java-assessment] [restartedMain] s.w.s.m.m.a.RequestMappingHandlerMapping : 16 mappings in 'requestMappingHandlerMapping'
2025-09-25T00:14:52.232+08:00 DEBUG 19432 --- [java-assessment] [restartedMain] o.s.w.s.handler.SimpleUrlHandlerMapping  : Patterns [/webjars/**, /**, /swagger-ui*/*swagger-initializer.js, /swagger-ui*/**] in 'resourceHandlerMapping'
2025-09-25T00:14:52.268+08:00 DEBUG 19432 --- [java-assessment] [restartedMain] s.w.s.m.m.a.RequestMappingHandlerAdapter : ControllerAdvice beans: 0 @ModelAttribute, 0 @InitBinder, 1 RequestBodyAdvice, 1 ResponseBodyAdvice
2025-09-25T00:14:52.326+08:00 DEBUG 19432 --- [java-assessment] [restartedMain] .m.m.a.ExceptionHandlerExceptionResolver : ControllerAdvice beans: 2 @ExceptionHandler, 1 ResponseBodyAdvice
2025-09-25T00:14:53.191+08:00  INFO 19432 --- [java-assessment] [restartedMain] o.s.b.w.embedded.tomcat.TomcatWebServer  : Tomcat started on port 8080 (http) with context path '/'
2025-09-25T00:14:53.209+08:00  INFO 19432 --- [java-assessment] [restartedMain] c.e.j.a.JavaAssessmentApplication        : Started JavaAssessmentApplication in 4.244 seconds (process running for 5.083)
2025-09-25T00:14:55.717+08:00  INFO 19432 --- [java-assessment] [http-nio-8080-exec-1] o.a.c.c.C.[Tomcat].[localhost].[/]       : Initializing Spring DispatcherServlet 'dispatcherServlet'
2025-09-25T00:14:55.718+08:00  INFO 19432 --- [java-assessment] [http-nio-8080-exec-1] o.s.web.servlet.DispatcherServlet        : Initializing Servlet 'dispatcherServlet'
2025-09-25T00:14:55.719+08:00 DEBUG 19432 --- [java-assessment] [http-nio-8080-exec-1] o.s.web.servlet.DispatcherServlet        : Detected StandardServletMultipartResolver
2025-09-25T00:14:55.719+08:00 DEBUG 19432 --- [java-assessment] [http-nio-8080-exec-1] o.s.web.servlet.DispatcherServlet        : Detected AcceptHeaderLocaleResolver
2025-09-25T00:14:55.719+08:00 DEBUG 19432 --- [java-assessment] [http-nio-8080-exec-1] o.s.web.servlet.DispatcherServlet        : Detected FixedThemeResolver
2025-09-25T00:14:55.721+08:00 DEBUG 19432 --- [java-assessment] [http-nio-8080-exec-1] o.s.web.servlet.DispatcherServlet        : Detected org.springframework.web.servlet.view.DefaultRequestToViewNameTranslator@7968bc4d
2025-09-25T00:14:55.722+08:00 DEBUG 19432 --- [java-assessment] [http-nio-8080-exec-1] o.s.web.servlet.DispatcherServlet        : Detected org.springframework.web.servlet.support.SessionFlashMapManager@30c9a7af
2025-09-25T00:14:55.722+08:00 DEBUG 19432 --- [java-assessment] [http-nio-8080-exec-1] o.s.web.servlet.DispatcherServlet        : enableLoggingRequestDetails='false': request parameters and headers will be masked to prevent unsafe logging of potentially sensitive data
2025-09-25T00:14:55.722+08:00  INFO 19432 --- [java-assessment] [http-nio-8080-exec-1] o.s.web.servlet.DispatcherServlet        : Completed initialization in 4 ms
2025-09-25T00:14:55.734+08:00 DEBUG 19432 --- [java-assessment] [http-nio-8080-exec-1] o.s.web.servlet.DispatcherServlet        : GET "/swagger-ui/index.html", parameters={}
2025-09-25T00:14:55.746+08:00 DEBUG 19432 --- [java-assessment] [http-nio-8080-exec-1] o.s.w.s.handler.SimpleUrlHandlerMapping  : Mapped to ResourceHttpRequestHandler [classpath [META-INF/resources/webjars/]]
2025-09-25T00:14:55.773+08:00 DEBUG 19432 --- [java-assessment] [http-nio-8080-exec-1] o.s.web.servlet.DispatcherServlet        : Completed 304 NOT_MODIFIED
2025-09-25T00:14:55.800+08:00 DEBUG 19432 --- [java-assessment] [http-nio-8080-exec-2] o.s.web.servlet.DispatcherServlet        : GET "/swagger-ui/swagger-initializer.js", parameters={}
2025-09-25T00:14:55.801+08:00 DEBUG 19432 --- [java-assessment] [http-nio-8080-exec-2] o.s.w.s.handler.SimpleUrlHandlerMapping  : Mapped to ResourceHttpRequestHandler [classpath [META-INF/resources/webjars/]]
2025-09-25T00:14:55.843+08:00 DEBUG 19432 --- [java-assessment] [http-nio-8080-exec-2] o.s.web.servlet.DispatcherServlet        : Completed 200 OK
2025-09-25T00:14:56.046+08:00 DEBUG 19432 --- [java-assessment] [http-nio-8080-exec-3] o.s.web.servlet.DispatcherServlet        : GET "/v3/api-docs/swagger-config", parameters={}
2025-09-25T00:14:56.049+08:00 DEBUG 19432 --- [java-assessment] [http-nio-8080-exec-3] s.w.s.m.m.a.RequestMappingHandlerMapping : Mapped to org.springdoc.webmvc.ui.SwaggerConfigResource#openapiJson(HttpServletRequest)
2025-09-25T00:14:56.071+08:00 DEBUG 19432 --- [java-assessment] [http-nio-8080-exec-3] m.m.a.RequestResponseBodyMethodProcessor : Using 'application/json', given [*/*] and supported [application/json]
2025-09-25T00:14:56.097+08:00 DEBUG 19432 --- [java-assessment] [http-nio-8080-exec-3] m.m.a.RequestResponseBodyMethodProcessor : Writing [{configUrl=/v3/api-docs/swagger-config, oauth2RedirectUrl=http://localhost:8080/swagger-ui/oauth2-re (truncated)...]
2025-09-25T00:14:56.105+08:00 DEBUG 19432 --- [java-assessment] [http-nio-8080-exec-3] o.s.web.servlet.DispatcherServlet        : Completed 200 OK
2025-09-25T00:14:56.130+08:00 DEBUG 19432 --- [java-assessment] [http-nio-8080-exec-4] o.s.web.servlet.DispatcherServlet        : GET "/v3/api-docs", parameters={}
2025-09-25T00:14:56.131+08:00 DEBUG 19432 --- [java-assessment] [http-nio-8080-exec-4] s.w.s.m.m.a.RequestMappingHandlerMapping : Mapped to org.springdoc.webmvc.api.OpenApiWebMvcResource#openapiJson(HttpServletRequest, String, Locale)
2025-09-25T00:14:56.580+08:00  INFO 19432 --- [java-assessment] [http-nio-8080-exec-4] o.springdoc.api.AbstractOpenApiResource  : Init duration for springdoc-openapi is: 433 ms
2025-09-25T00:14:56.603+08:00 DEBUG 19432 --- [java-assessment] [http-nio-8080-exec-4] m.m.a.RequestResponseBodyMethodProcessor : Using 'application/json', given [application/json, */*] and supported [application/json]
2025-09-25T00:14:56.605+08:00 DEBUG 19432 --- [java-assessment] [http-nio-8080-exec-4] m.m.a.RequestResponseBodyMethodProcessor : Writing [{123, 34, 111, 112, 101, 110, 97, 112, 105, 34, 58, 34, 51, 46, 49, 46, 48, 34, 44, 34, 105, 110, 10 (truncated)...]
2025-09-25T00:14:56.605+08:00 DEBUG 19432 --- [java-assessment] [http-nio-8080-exec-4] o.s.web.servlet.DispatcherServlet        : Completed 200 OK
2025-09-25T00:16:01.265+08:00  INFO 19432 --- [java-assessment] [SpringApplicationShutdownHook] o.s.b.w.e.tomcat.GracefulShutdown        : Commencing graceful shutdown. Waiting for active requests to complete
2025-09-25T00:16:01.505+08:00  INFO 19432 --- [java-assessment] [tomcat-shutdown] o.s.b.w.e.tomcat.GracefulShutdown        : Graceful shutdown complete
2025-09-25T00:16:05.994+08:00  INFO 18168 --- [java-assessment] [restartedMain] c.e.j.a.JavaAssessmentApplication        : Starting JavaAssessmentApplication using Java 17.0.12 with PID 18168 (C:\Users\gokan\Documents\java-assessment-\target\classes started by User Aina in C:\Users\gokan\Documents\java-assessment-)
2025-09-25T00:16:05.998+08:00  INFO 18168 --- [java-assessment] [restartedMain] c.e.j.a.JavaAssessmentApplication        : No active profile set, falling back to 1 default profile: "default"
2025-09-25T00:16:06.055+08:00  INFO 18168 --- [java-assessment] [restartedMain] .e.DevToolsPropertyDefaultsPostProcessor : Devtools property defaults active! Set 'spring.devtools.add-properties' to 'false' to disable
2025-09-25T00:16:06.055+08:00  INFO 18168 --- [java-assessment] [restartedMain] .e.DevToolsPropertyDefaultsPostProcessor : For additional web related logging consider setting the 'logging.level.web' property to 'DEBUG'
2025-09-25T00:16:06.697+08:00  INFO 18168 --- [java-assessment] [restartedMain] .s.d.r.c.RepositoryConfigurationDelegate : Bootstrapping Spring Data R2DBC repositories in DEFAULT mode.
2025-09-25T00:16:06.845+08:00  INFO 18168 --- [java-assessment] [restartedMain] .s.d.r.c.RepositoryConfigurationDelegate : Finished Spring Data repository scanning in 140 ms. Found 2 R2DBC repository interfaces.
2025-09-25T00:16:07.642+08:00  INFO 18168 --- [java-assessment] [restartedMain] o.s.b.w.embedded.tomcat.TomcatWebServer  : Tomcat initialized with port 8080 (http)
2025-09-25T00:16:07.654+08:00  INFO 18168 --- [java-assessment] [restartedMain] o.apache.catalina.core.StandardService   : Starting service [Tomcat]
2025-09-25T00:16:07.654+08:00  INFO 18168 --- [java-assessment] [restartedMain] o.apache.catalina.core.StandardEngine    : Starting Servlet engine: [Apache Tomcat/10.1.46]
2025-09-25T00:16:07.713+08:00  INFO 18168 --- [java-assessment] [restartedMain] o.a.c.c.C.[Tomcat].[localhost].[/]       : Initializing Spring embedded WebApplicationContext
2025-09-25T00:16:07.714+08:00  INFO 18168 --- [java-assessment] [restartedMain] w.s.c.ServletWebServerApplicationContext : Root WebApplicationContext: initialization completed in 1657 ms
2025-09-25T00:16:08.119+08:00  INFO 18168 --- [java-assessment] [restartedMain] o.s.b.d.a.OptionalLiveReloadServer       : LiveReload server is running on port 35729
2025-09-25T00:16:08.513+08:00 DEBUG 18168 --- [java-assessment] [restartedMain] s.w.s.m.m.a.RequestMappingHandlerMapping : 16 mappings in 'requestMappingHandlerMapping'
2025-09-25T00:16:08.552+08:00 DEBUG 18168 --- [java-assessment] [restartedMain] o.s.w.s.handler.SimpleUrlHandlerMapping  : Patterns [/webjars/**, /**, /swagger-ui*/*swagger-initializer.js, /swagger-ui*/**] in 'resourceHandlerMapping'
2025-09-25T00:16:08.577+08:00 DEBUG 18168 --- [java-assessment] [restartedMain] s.w.s.m.m.a.RequestMappingHandlerAdapter : ControllerAdvice beans: 0 @ModelAttribute, 0 @InitBinder, 1 RequestBodyAdvice, 1 ResponseBodyAdvice
2025-09-25T00:16:08.633+08:00 DEBUG 18168 --- [java-assessment] [restartedMain] .m.m.a.ExceptionHandlerExceptionResolver : ControllerAdvice beans: 2 @ExceptionHandler, 1 ResponseBodyAdvice
2025-09-25T00:16:09.336+08:00  INFO 18168 --- [java-assessment] [restartedMain] o.s.b.w.embedded.tomcat.TomcatWebServer  : Tomcat started on port 8080 (http) with context path '/'
2025-09-25T00:16:09.349+08:00  INFO 18168 --- [java-assessment] [restartedMain] c.e.j.a.JavaAssessmentApplication        : Started JavaAssessmentApplication in 3.889 seconds (process running for 4.669)
2025-09-25T00:16:21.357+08:00  INFO 18168 --- [java-assessment] [http-nio-8080-exec-1] o.a.c.c.C.[Tomcat].[localhost].[/]       : Initializing Spring DispatcherServlet 'dispatcherServlet'
2025-09-25T00:16:21.358+08:00  INFO 18168 --- [java-assessment] [http-nio-8080-exec-1] o.s.web.servlet.DispatcherServlet        : Initializing Servlet 'dispatcherServlet'
2025-09-25T00:16:21.358+08:00 DEBUG 18168 --- [java-assessment] [http-nio-8080-exec-1] o.s.web.servlet.DispatcherServlet        : Detected StandardServletMultipartResolver
2025-09-25T00:16:21.358+08:00 DEBUG 18168 --- [java-assessment] [http-nio-8080-exec-1] o.s.web.servlet.DispatcherServlet        : Detected AcceptHeaderLocaleResolver
2025-09-25T00:16:21.358+08:00 DEBUG 18168 --- [java-assessment] [http-nio-8080-exec-1] o.s.web.servlet.DispatcherServlet        : Detected FixedThemeResolver
2025-09-25T00:16:21.359+08:00 DEBUG 18168 --- [java-assessment] [http-nio-8080-exec-1] o.s.web.servlet.DispatcherServlet        : Detected org.springframework.web.servlet.view.DefaultRequestToViewNameTranslator@5609c1e0
2025-09-25T00:16:21.360+08:00 DEBUG 18168 --- [java-assessment] [http-nio-8080-exec-1] o.s.web.servlet.DispatcherServlet        : Detected org.springframework.web.servlet.support.SessionFlashMapManager@77701078
2025-09-25T00:16:21.361+08:00 DEBUG 18168 --- [java-assessment] [http-nio-8080-exec-1] o.s.web.servlet.DispatcherServlet        : enableLoggingRequestDetails='false': request parameters and headers will be masked to prevent unsafe logging of potentially sensitive data
2025-09-25T00:16:21.361+08:00  INFO 18168 --- [java-assessment] [http-nio-8080-exec-1] o.s.web.servlet.DispatcherServlet        : Completed initialization in 3 ms
2025-09-25T00:16:21.374+08:00 DEBUG 18168 --- [java-assessment] [http-nio-8080-exec-1] o.s.web.servlet.DispatcherServlet        : GET "/swagger-ui/index.html", parameters={}
2025-09-25T00:16:21.386+08:00 DEBUG 18168 --- [java-assessment] [http-nio-8080-exec-1] o.s.w.s.handler.SimpleUrlHandlerMapping  : Mapped to ResourceHttpRequestHandler [classpath [META-INF/resources/webjars/]]
2025-09-25T00:16:21.417+08:00 DEBUG 18168 --- [java-assessment] [http-nio-8080-exec-1] o.s.web.servlet.DispatcherServlet        : Completed 304 NOT_MODIFIED
2025-09-25T00:16:21.445+08:00 DEBUG 18168 --- [java-assessment] [http-nio-8080-exec-2] o.s.web.servlet.DispatcherServlet        : GET "/swagger-ui/swagger-initializer.js", parameters={}
2025-09-25T00:16:21.447+08:00 DEBUG 18168 --- [java-assessment] [http-nio-8080-exec-2] o.s.w.s.handler.SimpleUrlHandlerMapping  : Mapped to ResourceHttpRequestHandler [classpath [META-INF/resources/webjars/]]
2025-09-25T00:16:21.495+08:00 DEBUG 18168 --- [java-assessment] [http-nio-8080-exec-2] o.s.web.servlet.DispatcherServlet        : Completed 200 OK
2025-09-25T00:16:21.563+08:00 DEBUG 18168 --- [java-assessment] [http-nio-8080-exec-3] o.s.web.servlet.DispatcherServlet        : GET "/v3/api-docs/swagger-config", parameters={}
2025-09-25T00:16:21.567+08:00 DEBUG 18168 --- [java-assessment] [http-nio-8080-exec-3] s.w.s.m.m.a.RequestMappingHandlerMapping : Mapped to org.springdoc.webmvc.ui.SwaggerConfigResource#openapiJson(HttpServletRequest)
2025-09-25T00:16:21.600+08:00 DEBUG 18168 --- [java-assessment] [http-nio-8080-exec-3] m.m.a.RequestResponseBodyMethodProcessor : Using 'application/json', given [*/*] and supported [application/json]
2025-09-25T00:16:21.636+08:00 DEBUG 18168 --- [java-assessment] [http-nio-8080-exec-3] m.m.a.RequestResponseBodyMethodProcessor : Writing [{configUrl=/v3/api-docs/swagger-config, oauth2RedirectUrl=http://localhost:8080/swagger-ui/oauth2-re (truncated)...]
2025-09-25T00:16:21.646+08:00 DEBUG 18168 --- [java-assessment] [http-nio-8080-exec-3] o.s.web.servlet.DispatcherServlet        : Completed 200 OK
2025-09-25T00:16:21.679+08:00 DEBUG 18168 --- [java-assessment] [http-nio-8080-exec-4] o.s.web.servlet.DispatcherServlet        : GET "/v3/api-docs", parameters={}
2025-09-25T00:16:21.680+08:00 DEBUG 18168 --- [java-assessment] [http-nio-8080-exec-4] s.w.s.m.m.a.RequestMappingHandlerMapping : Mapped to org.springdoc.webmvc.api.OpenApiWebMvcResource#openapiJson(HttpServletRequest, String, Locale)
2025-09-25T00:16:22.060+08:00  INFO 18168 --- [java-assessment] [http-nio-8080-exec-4] o.springdoc.api.AbstractOpenApiResource  : Init duration for springdoc-openapi is: 363 ms
2025-09-25T00:16:22.081+08:00 DEBUG 18168 --- [java-assessment] [http-nio-8080-exec-4] m.m.a.RequestResponseBodyMethodProcessor : Using 'application/json', given [application/json, */*] and supported [application/json]
2025-09-25T00:16:22.082+08:00 DEBUG 18168 --- [java-assessment] [http-nio-8080-exec-4] m.m.a.RequestResponseBodyMethodProcessor : Writing [{123, 34, 111, 112, 101, 110, 97, 112, 105, 34, 58, 34, 51, 46, 49, 46, 48, 34, 44, 34, 105, 110, 10 (truncated)...]
2025-09-25T00:16:22.084+08:00 DEBUG 18168 --- [java-assessment] [http-nio-8080-exec-4] o.s.web.servlet.DispatcherServlet        : Completed 200 OK
2025-09-25T00:17:41.283+08:00  INFO 18168 --- [java-assessment] [File Watcher] rtingClassPathChangeChangedEventListener : Restarting due to 1 class path change (0 additions, 1 deletion, 0 modifications)
2025-09-25T00:17:41.287+08:00  INFO 18168 --- [java-assessment] [Thread-4] o.s.b.w.e.tomcat.GracefulShutdown        : Commencing graceful shutdown. Waiting for active requests to complete
2025-09-25T00:17:41.573+08:00  INFO 18168 --- [java-assessment] [tomcat-shutdown] o.s.b.w.e.tomcat.GracefulShutdown        : Graceful shutdown complete
2025-09-25T00:17:41.690+08:00  INFO 18168 --- [java-assessment] [restartedMain] c.e.j.a.JavaAssessmentApplication        : Starting JavaAssessmentApplication using Java 17.0.12 with PID 18168 (C:\Users\gokan\Documents\java-assessment-\target\classes started by User Aina in C:\Users\gokan\Documents\java-assessment-)
2025-09-25T00:17:41.690+08:00  INFO 18168 --- [java-assessment] [restartedMain] c.e.j.a.JavaAssessmentApplication        : No active profile set, falling back to 1 default profile: "default"
2025-09-25T00:17:42.013+08:00  INFO 18168 --- [java-assessment] [restartedMain] .s.d.r.c.RepositoryConfigurationDelegate : Bootstrapping Spring Data R2DBC repositories in DEFAULT mode.
2025-09-25T00:17:42.025+08:00  INFO 18168 --- [java-assessment] [restartedMain] .s.d.r.c.RepositoryConfigurationDelegate : Finished Spring Data repository scanning in 10 ms. Found 2 R2DBC repository interfaces.
2025-09-25T00:17:42.208+08:00  INFO 18168 --- [java-assessment] [restartedMain] o.s.b.w.embedded.tomcat.TomcatWebServer  : Tomcat initialized with port 8080 (http)
2025-09-25T00:17:42.209+08:00  INFO 18168 --- [java-assessment] [restartedMain] o.apache.catalina.core.StandardService   : Starting service [Tomcat]
2025-09-25T00:17:42.209+08:00  INFO 18168 --- [java-assessment] [restartedMain] o.apache.catalina.core.StandardEngine    : Starting Servlet engine: [Apache Tomcat/10.1.46]
2025-09-25T00:17:42.238+08:00  INFO 18168 --- [java-assessment] [restartedMain] o.a.c.c.C.[Tomcat].[localhost].[/]       : Initializing Spring embedded WebApplicationContext
2025-09-25T00:17:42.239+08:00  INFO 18168 --- [java-assessment] [restartedMain] w.s.c.ServletWebServerApplicationContext : Root WebApplicationContext: initialization completed in 546 ms
2025-09-25T00:17:42.296+08:00  INFO 18168 --- [java-assessment] [restartedMain] o.s.b.d.a.OptionalLiveReloadServer       : LiveReload server is running on port 35729
2025-09-25T00:17:42.428+08:00 DEBUG 18168 --- [java-assessment] [restartedMain] s.w.s.m.m.a.RequestMappingHandlerMapping : 11 mappings in 'requestMappingHandlerMapping'
2025-09-25T00:17:42.446+08:00 DEBUG 18168 --- [java-assessment] [restartedMain] o.s.w.s.handler.SimpleUrlHandlerMapping  : Patterns [/webjars/**, /**, /swagger-ui*/*swagger-initializer.js, /swagger-ui*/**] in 'resourceHandlerMapping'
2025-09-25T00:17:42.453+08:00 DEBUG 18168 --- [java-assessment] [restartedMain] s.w.s.m.m.a.RequestMappingHandlerAdapter : ControllerAdvice beans: 0 @ModelAttribute, 0 @InitBinder, 1 RequestBodyAdvice, 1 ResponseBodyAdvice
2025-09-25T00:17:42.461+08:00 DEBUG 18168 --- [java-assessment] [restartedMain] .m.m.a.ExceptionHandlerExceptionResolver : ControllerAdvice beans: 2 @ExceptionHandler, 1 ResponseBodyAdvice
2025-09-25T00:17:42.615+08:00  INFO 18168 --- [java-assessment] [restartedMain] o.s.b.w.embedded.tomcat.TomcatWebServer  : Tomcat started on port 8080 (http) with context path '/'
2025-09-25T00:17:42.623+08:00  INFO 18168 --- [java-assessment] [restartedMain] c.e.j.a.JavaAssessmentApplication        : Started JavaAssessmentApplication in 0.973 seconds (process running for 97.943)
2025-09-25T00:17:42.627+08:00  INFO 18168 --- [java-assessment] [restartedMain] .ConditionEvaluationDeltaLoggingListener : Condition evaluation unchanged
2025-09-25T00:17:55.470+08:00  INFO 18168 --- [java-assessment] [SpringApplicationShutdownHook] o.s.b.w.e.tomcat.GracefulShutdown        : Commencing graceful shutdown. Waiting for active requests to complete
2025-09-25T00:17:55.735+08:00  INFO 18168 --- [java-assessment] [tomcat-shutdown] o.s.b.w.e.tomcat.GracefulShutdown        : Graceful shutdown complete
2025-09-25T00:18:00.759+08:00  INFO 28124 --- [java-assessment] [restartedMain] c.e.j.a.JavaAssessmentApplication        : Starting JavaAssessmentApplication using Java 17.0.12 with PID 28124 (C:\Users\gokan\Documents\java-assessment-\target\classes started by User Aina in C:\Users\gokan\Documents\java-assessment-)
2025-09-25T00:18:00.762+08:00  INFO 28124 --- [java-assessment] [restartedMain] c.e.j.a.JavaAssessmentApplication        : No active profile set, falling back to 1 default profile: "default"
2025-09-25T00:18:00.817+08:00  INFO 28124 --- [java-assessment] [restartedMain] .e.DevToolsPropertyDefaultsPostProcessor : Devtools property defaults active! Set 'spring.devtools.add-properties' to 'false' to disable
2025-09-25T00:18:00.819+08:00  INFO 28124 --- [java-assessment] [restartedMain] .e.DevToolsPropertyDefaultsPostProcessor : For additional web related logging consider setting the 'logging.level.web' property to 'DEBUG'
2025-09-25T00:18:01.505+08:00  INFO 28124 --- [java-assessment] [restartedMain] .s.d.r.c.RepositoryConfigurationDelegate : Bootstrapping Spring Data R2DBC repositories in DEFAULT mode.
2025-09-25T00:18:01.672+08:00  INFO 28124 --- [java-assessment] [restartedMain] .s.d.r.c.RepositoryConfigurationDelegate : Finished Spring Data repository scanning in 158 ms. Found 2 R2DBC repository interfaces.
2025-09-25T00:18:02.498+08:00  INFO 28124 --- [java-assessment] [restartedMain] o.s.b.w.embedded.tomcat.TomcatWebServer  : Tomcat initialized with port 8080 (http)
2025-09-25T00:18:02.511+08:00  INFO 28124 --- [java-assessment] [restartedMain] o.apache.catalina.core.StandardService   : Starting service [Tomcat]
2025-09-25T00:18:02.511+08:00  INFO 28124 --- [java-assessment] [restartedMain] o.apache.catalina.core.StandardEngine    : Starting Servlet engine: [Apache Tomcat/10.1.46]
2025-09-25T00:18:02.576+08:00  INFO 28124 --- [java-assessment] [restartedMain] o.a.c.c.C.[Tomcat].[localhost].[/]       : Initializing Spring embedded WebApplicationContext
2025-09-25T00:18:02.576+08:00  INFO 28124 --- [java-assessment] [restartedMain] w.s.c.ServletWebServerApplicationContext : Root WebApplicationContext: initialization completed in 1757 ms
2025-09-25T00:18:02.969+08:00  INFO 28124 --- [java-assessment] [restartedMain] o.s.b.d.a.OptionalLiveReloadServer       : LiveReload server is running on port 35729
2025-09-25T00:18:03.304+08:00 DEBUG 28124 --- [java-assessment] [restartedMain] s.w.s.m.m.a.RequestMappingHandlerMapping : 16 mappings in 'requestMappingHandlerMapping'
2025-09-25T00:18:03.338+08:00 DEBUG 28124 --- [java-assessment] [restartedMain] o.s.w.s.handler.SimpleUrlHandlerMapping  : Patterns [/webjars/**, /**, /swagger-ui*/*swagger-initializer.js, /swagger-ui*/**] in 'resourceHandlerMapping'
2025-09-25T00:18:03.363+08:00 DEBUG 28124 --- [java-assessment] [restartedMain] s.w.s.m.m.a.RequestMappingHandlerAdapter : ControllerAdvice beans: 0 @ModelAttribute, 0 @InitBinder, 1 RequestBodyAdvice, 1 ResponseBodyAdvice
2025-09-25T00:18:03.399+08:00 DEBUG 28124 --- [java-assessment] [restartedMain] .m.m.a.ExceptionHandlerExceptionResolver : ControllerAdvice beans: 2 @ExceptionHandler, 1 ResponseBodyAdvice
2025-09-25T00:18:03.976+08:00  INFO 28124 --- [java-assessment] [restartedMain] o.s.b.w.embedded.tomcat.TomcatWebServer  : Tomcat started on port 8080 (http) with context path '/'
2025-09-25T00:18:03.986+08:00  INFO 28124 --- [java-assessment] [restartedMain] c.e.j.a.JavaAssessmentApplication        : Started JavaAssessmentApplication in 3.749 seconds (process running for 4.64)
2025-09-25T00:18:11.055+08:00  INFO 28124 --- [java-assessment] [http-nio-8080-exec-1] o.a.c.c.C.[Tomcat].[localhost].[/]       : Initializing Spring DispatcherServlet 'dispatcherServlet'
2025-09-25T00:18:11.055+08:00  INFO 28124 --- [java-assessment] [http-nio-8080-exec-1] o.s.web.servlet.DispatcherServlet        : Initializing Servlet 'dispatcherServlet'
2025-09-25T00:18:11.055+08:00 DEBUG 28124 --- [java-assessment] [http-nio-8080-exec-1] o.s.web.servlet.DispatcherServlet        : Detected StandardServletMultipartResolver
2025-09-25T00:18:11.055+08:00 DEBUG 28124 --- [java-assessment] [http-nio-8080-exec-1] o.s.web.servlet.DispatcherServlet        : Detected AcceptHeaderLocaleResolver
2025-09-25T00:18:11.055+08:00 DEBUG 28124 --- [java-assessment] [http-nio-8080-exec-1] o.s.web.servlet.DispatcherServlet        : Detected FixedThemeResolver
2025-09-25T00:18:11.055+08:00 DEBUG 28124 --- [java-assessment] [http-nio-8080-exec-1] o.s.web.servlet.DispatcherServlet        : Detected org.springframework.web.servlet.view.DefaultRequestToViewNameTranslator@238cc5ce
2025-09-25T00:18:11.055+08:00 DEBUG 28124 --- [java-assessment] [http-nio-8080-exec-1] o.s.web.servlet.DispatcherServlet        : Detected org.springframework.web.servlet.support.SessionFlashMapManager@5fb7a925
2025-09-25T00:18:11.055+08:00 DEBUG 28124 --- [java-assessment] [http-nio-8080-exec-1] o.s.web.servlet.DispatcherServlet        : enableLoggingRequestDetails='false': request parameters and headers will be masked to prevent unsafe logging of potentially sensitive data
2025-09-25T00:18:11.055+08:00  INFO 28124 --- [java-assessment] [http-nio-8080-exec-1] o.s.web.servlet.DispatcherServlet        : Completed initialization in 0 ms
2025-09-25T00:18:11.064+08:00 DEBUG 28124 --- [java-assessment] [http-nio-8080-exec-1] o.s.web.servlet.DispatcherServlet        : GET "/swagger-ui/index.html", parameters={}
2025-09-25T00:18:11.072+08:00 DEBUG 28124 --- [java-assessment] [http-nio-8080-exec-1] o.s.w.s.handler.SimpleUrlHandlerMapping  : Mapped to ResourceHttpRequestHandler [classpath [META-INF/resources/webjars/]]
2025-09-25T00:18:11.096+08:00 DEBUG 28124 --- [java-assessment] [http-nio-8080-exec-1] o.s.web.servlet.DispatcherServlet        : Completed 304 NOT_MODIFIED
2025-09-25T00:18:11.111+08:00 DEBUG 28124 --- [java-assessment] [http-nio-8080-exec-2] o.s.web.servlet.DispatcherServlet        : GET "/swagger-ui/swagger-initializer.js", parameters={}
2025-09-25T00:18:11.113+08:00 DEBUG 28124 --- [java-assessment] [http-nio-8080-exec-2] o.s.w.s.handler.SimpleUrlHandlerMapping  : Mapped to ResourceHttpRequestHandler [classpath [META-INF/resources/webjars/]]
2025-09-25T00:18:11.147+08:00 DEBUG 28124 --- [java-assessment] [http-nio-8080-exec-2] o.s.web.servlet.DispatcherServlet        : Completed 200 OK
2025-09-25T00:18:11.164+08:00 DEBUG 28124 --- [java-assessment] [http-nio-8080-exec-3] o.s.web.servlet.DispatcherServlet        : GET "/v3/api-docs/swagger-config", parameters={}
2025-09-25T00:18:11.166+08:00 DEBUG 28124 --- [java-assessment] [http-nio-8080-exec-3] s.w.s.m.m.a.RequestMappingHandlerMapping : Mapped to org.springdoc.webmvc.ui.SwaggerConfigResource#openapiJson(HttpServletRequest)
2025-09-25T00:18:11.179+08:00 DEBUG 28124 --- [java-assessment] [http-nio-8080-exec-3] m.m.a.RequestResponseBodyMethodProcessor : Using 'application/json', given [*/*] and supported [application/json]
2025-09-25T00:18:11.203+08:00 DEBUG 28124 --- [java-assessment] [http-nio-8080-exec-3] m.m.a.RequestResponseBodyMethodProcessor : Writing [{configUrl=/v3/api-docs/swagger-config, oauth2RedirectUrl=http://localhost:8080/swagger-ui/oauth2-re (truncated)...]
2025-09-25T00:18:11.206+08:00 DEBUG 28124 --- [java-assessment] [http-nio-8080-exec-3] o.s.web.servlet.DispatcherServlet        : Completed 200 OK
2025-09-25T00:18:11.225+08:00 DEBUG 28124 --- [java-assessment] [http-nio-8080-exec-4] o.s.web.servlet.DispatcherServlet        : GET "/v3/api-docs", parameters={}
2025-09-25T00:18:11.226+08:00 DEBUG 28124 --- [java-assessment] [http-nio-8080-exec-4] s.w.s.m.m.a.RequestMappingHandlerMapping : Mapped to org.springdoc.webmvc.api.OpenApiWebMvcResource#openapiJson(HttpServletRequest, String, Locale)
2025-09-25T00:18:11.568+08:00  INFO 28124 --- [java-assessment] [http-nio-8080-exec-4] o.springdoc.api.AbstractOpenApiResource  : Init duration for springdoc-openapi is: 328 ms
2025-09-25T00:18:11.588+08:00 DEBUG 28124 --- [java-assessment] [http-nio-8080-exec-4] m.m.a.RequestResponseBodyMethodProcessor : Using 'application/json', given [application/json, */*] and supported [application/json]
2025-09-25T00:18:11.591+08:00 DEBUG 28124 --- [java-assessment] [http-nio-8080-exec-4] m.m.a.RequestResponseBodyMethodProcessor : Writing [{123, 34, 111, 112, 101, 110, 97, 112, 105, 34, 58, 34, 51, 46, 49, 46, 48, 34, 44, 34, 105, 110, 10 (truncated)...]
2025-09-25T00:18:11.591+08:00 DEBUG 28124 --- [java-assessment] [http-nio-8080-exec-4] o.s.web.servlet.DispatcherServlet        : Completed 200 OK
2025-09-25T00:18:40.696+08:00  INFO 28124 --- [java-assessment] [SpringApplicationShutdownHook] o.s.b.w.e.tomcat.GracefulShutdown        : Commencing graceful shutdown. Waiting for active requests to complete
2025-09-25T00:18:40.922+08:00  INFO 28124 --- [java-assessment] [tomcat-shutdown] o.s.b.w.e.tomcat.GracefulShutdown        : Graceful shutdown complete
2025-09-25T00:18:40.965+08:00  WARN 28124 --- [java-assessment] [reactor-tcp-nio-3] reactor.netty.channel.FluxReceive        : [6cb87c13, L:/127.0.0.1:56662 - R:localhost/127.0.0.1:5432] An exception has been observed post termination, use DEBUG level to see the full stack: java.net.SocketException: Connection reset
2025-09-25T00:18:46.858+08:00  INFO 7148 --- [java-assessment] [restartedMain] c.e.j.a.JavaAssessmentApplication        : Starting JavaAssessmentApplication using Java 17.0.12 with PID 7148 (C:\Users\gokan\Documents\java-assessment-\target\classes started by User Aina in C:\Users\gokan\Documents\java-assessment-)
2025-09-25T00:18:46.858+08:00  INFO 7148 --- [java-assessment] [restartedMain] c.e.j.a.JavaAssessmentApplication        : No active profile set, falling back to 1 default profile: "default"
2025-09-25T00:18:46.920+08:00  INFO 7148 --- [java-assessment] [restartedMain] .e.DevToolsPropertyDefaultsPostProcessor : Devtools property defaults active! Set 'spring.devtools.add-properties' to 'false' to disable
2025-09-25T00:18:46.920+08:00  INFO 7148 --- [java-assessment] [restartedMain] .e.DevToolsPropertyDefaultsPostProcessor : For additional web related logging consider setting the 'logging.level.web' property to 'DEBUG'
2025-09-25T00:18:47.591+08:00  INFO 7148 --- [java-assessment] [restartedMain] .s.d.r.c.RepositoryConfigurationDelegate : Bootstrapping Spring Data R2DBC repositories in DEFAULT mode.
2025-09-25T00:18:47.758+08:00  INFO 7148 --- [java-assessment] [restartedMain] .s.d.r.c.RepositoryConfigurationDelegate : Finished Spring Data repository scanning in 157 ms. Found 2 R2DBC repository interfaces.
2025-09-25T00:18:48.614+08:00  INFO 7148 --- [java-assessment] [restartedMain] o.s.b.w.embedded.tomcat.TomcatWebServer  : Tomcat initialized with port 8080 (http)
2025-09-25T00:18:48.629+08:00  INFO 7148 --- [java-assessment] [restartedMain] o.apache.catalina.core.StandardService   : Starting service [Tomcat]
2025-09-25T00:18:48.629+08:00  INFO 7148 --- [java-assessment] [restartedMain] o.apache.catalina.core.StandardEngine    : Starting Servlet engine: [Apache Tomcat/10.1.46]
2025-09-25T00:18:48.687+08:00  INFO 7148 --- [java-assessment] [restartedMain] o.a.c.c.C.[Tomcat].[localhost].[/]       : Initializing Spring embedded WebApplicationContext
2025-09-25T00:18:48.687+08:00  INFO 7148 --- [java-assessment] [restartedMain] w.s.c.ServletWebServerApplicationContext : Root WebApplicationContext: initialization completed in 1767 ms
2025-09-25T00:18:49.124+08:00  INFO 7148 --- [java-assessment] [restartedMain] o.s.b.d.a.OptionalLiveReloadServer       : LiveReload server is running on port 35729
2025-09-25T00:18:49.466+08:00 DEBUG 7148 --- [java-assessment] [restartedMain] s.w.s.m.m.a.RequestMappingHandlerMapping : 16 mappings in 'requestMappingHandlerMapping'
2025-09-25T00:18:49.505+08:00 DEBUG 7148 --- [java-assessment] [restartedMain] o.s.w.s.handler.SimpleUrlHandlerMapping  : Patterns [/webjars/**, /**, /swagger-ui*/*swagger-initializer.js, /swagger-ui*/**] in 'resourceHandlerMapping'
2025-09-25T00:18:49.534+08:00 DEBUG 7148 --- [java-assessment] [restartedMain] s.w.s.m.m.a.RequestMappingHandlerAdapter : ControllerAdvice beans: 0 @ModelAttribute, 0 @InitBinder, 1 RequestBodyAdvice, 1 ResponseBodyAdvice
2025-09-25T00:18:49.568+08:00 DEBUG 7148 --- [java-assessment] [restartedMain] .m.m.a.ExceptionHandlerExceptionResolver : ControllerAdvice beans: 2 @ExceptionHandler, 1 ResponseBodyAdvice
2025-09-25T00:18:50.111+08:00  INFO 7148 --- [java-assessment] [restartedMain] o.s.b.w.embedded.tomcat.TomcatWebServer  : Tomcat started on port 8080 (http) with context path '/'
2025-09-25T00:18:50.120+08:00  INFO 7148 --- [java-assessment] [restartedMain] c.e.j.a.JavaAssessmentApplication        : Started JavaAssessmentApplication in 3.8 seconds (process running for 4.585)
2025-09-25T00:18:55.705+08:00  INFO 7148 --- [java-assessment] [http-nio-8080-exec-1] o.a.c.c.C.[Tomcat].[localhost].[/]       : Initializing Spring DispatcherServlet 'dispatcherServlet'
2025-09-25T00:18:55.705+08:00  INFO 7148 --- [java-assessment] [http-nio-8080-exec-1] o.s.web.servlet.DispatcherServlet        : Initializing Servlet 'dispatcherServlet'
2025-09-25T00:18:55.705+08:00 DEBUG 7148 --- [java-assessment] [http-nio-8080-exec-1] o.s.web.servlet.DispatcherServlet        : Detected StandardServletMultipartResolver
2025-09-25T00:18:55.705+08:00 DEBUG 7148 --- [java-assessment] [http-nio-8080-exec-1] o.s.web.servlet.DispatcherServlet        : Detected AcceptHeaderLocaleResolver
2025-09-25T00:18:55.705+08:00 DEBUG 7148 --- [java-assessment] [http-nio-8080-exec-1] o.s.web.servlet.DispatcherServlet        : Detected FixedThemeResolver
2025-09-25T00:18:55.705+08:00 DEBUG 7148 --- [java-assessment] [http-nio-8080-exec-1] o.s.web.servlet.DispatcherServlet        : Detected org.springframework.web.servlet.view.DefaultRequestToViewNameTranslator@2495014f
2025-09-25T00:18:55.710+08:00 DEBUG 7148 --- [java-assessment] [http-nio-8080-exec-1] o.s.web.servlet.DispatcherServlet        : Detected org.springframework.web.servlet.support.SessionFlashMapManager@50064195
2025-09-25T00:18:55.710+08:00 DEBUG 7148 --- [java-assessment] [http-nio-8080-exec-1] o.s.web.servlet.DispatcherServlet        : enableLoggingRequestDetails='false': request parameters and headers will be masked to prevent unsafe logging of potentially sensitive data
2025-09-25T00:18:55.710+08:00  INFO 7148 --- [java-assessment] [http-nio-8080-exec-1] o.s.web.servlet.DispatcherServlet        : Completed initialization in 5 ms
2025-09-25T00:18:55.721+08:00 DEBUG 7148 --- [java-assessment] [http-nio-8080-exec-1] o.s.web.servlet.DispatcherServlet        : GET "/swagger-ui/index.html", parameters={}
2025-09-25T00:18:55.732+08:00 DEBUG 7148 --- [java-assessment] [http-nio-8080-exec-1] o.s.w.s.handler.SimpleUrlHandlerMapping  : Mapped to ResourceHttpRequestHandler [classpath [META-INF/resources/webjars/]]
2025-09-25T00:18:55.762+08:00 DEBUG 7148 --- [java-assessment] [http-nio-8080-exec-1] o.s.web.servlet.DispatcherServlet        : Completed 304 NOT_MODIFIED
2025-09-25T00:18:55.778+08:00 DEBUG 7148 --- [java-assessment] [http-nio-8080-exec-2] o.s.web.servlet.DispatcherServlet        : GET "/swagger-ui/swagger-initializer.js", parameters={}
2025-09-25T00:18:55.786+08:00 DEBUG 7148 --- [java-assessment] [http-nio-8080-exec-2] o.s.w.s.handler.SimpleUrlHandlerMapping  : Mapped to ResourceHttpRequestHandler [classpath [META-INF/resources/webjars/]]
2025-09-25T00:18:55.827+08:00 DEBUG 7148 --- [java-assessment] [http-nio-8080-exec-2] o.s.web.servlet.DispatcherServlet        : Completed 200 OK
2025-09-25T00:18:55.849+08:00 DEBUG 7148 --- [java-assessment] [http-nio-8080-exec-3] o.s.web.servlet.DispatcherServlet        : GET "/v3/api-docs/swagger-config", parameters={}
2025-09-25T00:18:55.852+08:00 DEBUG 7148 --- [java-assessment] [http-nio-8080-exec-3] s.w.s.m.m.a.RequestMappingHandlerMapping : Mapped to org.springdoc.webmvc.ui.SwaggerConfigResource#openapiJson(HttpServletRequest)
2025-09-25T00:18:55.874+08:00 DEBUG 7148 --- [java-assessment] [http-nio-8080-exec-3] m.m.a.RequestResponseBodyMethodProcessor : Using 'application/json', given [*/*] and supported [application/json]
2025-09-25T00:18:55.901+08:00 DEBUG 7148 --- [java-assessment] [http-nio-8080-exec-3] m.m.a.RequestResponseBodyMethodProcessor : Writing [{configUrl=/v3/api-docs/swagger-config, oauth2RedirectUrl=http://localhost:8080/swagger-ui/oauth2-re (truncated)...]
2025-09-25T00:18:55.909+08:00 DEBUG 7148 --- [java-assessment] [http-nio-8080-exec-3] o.s.web.servlet.DispatcherServlet        : Completed 200 OK
2025-09-25T00:18:55.934+08:00 DEBUG 7148 --- [java-assessment] [http-nio-8080-exec-4] o.s.web.servlet.DispatcherServlet        : GET "/v3/api-docs", parameters={}
2025-09-25T00:18:55.937+08:00 DEBUG 7148 --- [java-assessment] [http-nio-8080-exec-4] s.w.s.m.m.a.RequestMappingHandlerMapping : Mapped to org.springdoc.webmvc.api.OpenApiWebMvcResource#openapiJson(HttpServletRequest, String, Locale)
2025-09-25T00:18:56.358+08:00  INFO 7148 --- [java-assessment] [http-nio-8080-exec-4] o.springdoc.api.AbstractOpenApiResource  : Init duration for springdoc-openapi is: 402 ms
2025-09-25T00:18:56.379+08:00 DEBUG 7148 --- [java-assessment] [http-nio-8080-exec-4] m.m.a.RequestResponseBodyMethodProcessor : Using 'application/json', given [application/json, */*] and supported [application/json]
2025-09-25T00:18:56.383+08:00 DEBUG 7148 --- [java-assessment] [http-nio-8080-exec-4] m.m.a.RequestResponseBodyMethodProcessor : Writing [{123, 34, 111, 112, 101, 110, 97, 112, 105, 34, 58, 34, 51, 46, 49, 46, 48, 34, 44, 34, 105, 110, 10 (truncated)...]
2025-09-25T00:18:56.383+08:00 DEBUG 7148 --- [java-assessment] [http-nio-8080-exec-4] o.s.web.servlet.DispatcherServlet        : Completed 200 OK
2025-09-25T00:19:41.581+08:00  INFO 7148 --- [java-assessment] [File Watcher] rtingClassPathChangeChangedEventListener : Restarting due to 1 class path change (1 addition, 0 deletions, 0 modifications)
2025-09-25T00:19:41.587+08:00  INFO 7148 --- [java-assessment] [Thread-4] o.s.b.w.e.tomcat.GracefulShutdown        : Commencing graceful shutdown. Waiting for active requests to complete
2025-09-25T00:19:41.784+08:00  INFO 7148 --- [java-assessment] [tomcat-shutdown] o.s.b.w.e.tomcat.GracefulShutdown        : Graceful shutdown complete
2025-09-25T00:19:41.930+08:00  INFO 7148 --- [java-assessment] [restartedMain] c.e.j.a.JavaAssessmentApplication        : Starting JavaAssessmentApplication using Java 17.0.12 with PID 7148 (C:\Users\gokan\Documents\java-assessment-\target\classes started by User Aina in C:\Users\gokan\Documents\java-assessment-)
2025-09-25T00:19:41.930+08:00  INFO 7148 --- [java-assessment] [restartedMain] c.e.j.a.JavaAssessmentApplication        : No active profile set, falling back to 1 default profile: "default"
2025-09-25T00:19:42.200+08:00  INFO 7148 --- [java-assessment] [restartedMain] .s.d.r.c.RepositoryConfigurationDelegate : Bootstrapping Spring Data R2DBC repositories in DEFAULT mode.
2025-09-25T00:19:42.220+08:00  INFO 7148 --- [java-assessment] [restartedMain] .s.d.r.c.RepositoryConfigurationDelegate : Finished Spring Data repository scanning in 17 ms. Found 2 R2DBC repository interfaces.
2025-09-25T00:19:42.506+08:00  INFO 7148 --- [java-assessment] [restartedMain] o.s.b.w.embedded.tomcat.TomcatWebServer  : Tomcat initialized with port 8080 (http)
2025-09-25T00:19:42.507+08:00  INFO 7148 --- [java-assessment] [restartedMain] o.apache.catalina.core.StandardService   : Starting service [Tomcat]
2025-09-25T00:19:42.508+08:00  INFO 7148 --- [java-assessment] [restartedMain] o.apache.catalina.core.StandardEngine    : Starting Servlet engine: [Apache Tomcat/10.1.46]
2025-09-25T00:19:42.540+08:00  INFO 7148 --- [java-assessment] [restartedMain] o.a.c.c.C.[Tomcat].[localhost].[/]       : Initializing Spring embedded WebApplicationContext
2025-09-25T00:19:42.541+08:00  INFO 7148 --- [java-assessment] [restartedMain] w.s.c.ServletWebServerApplicationContext : Root WebApplicationContext: initialization completed in 609 ms
2025-09-25T00:19:42.606+08:00  INFO 7148 --- [java-assessment] [restartedMain] o.s.b.d.a.OptionalLiveReloadServer       : LiveReload server is running on port 35729
2025-09-25T00:19:42.744+08:00 DEBUG 7148 --- [java-assessment] [restartedMain] s.w.s.m.m.a.RequestMappingHandlerMapping : 16 mappings in 'requestMappingHandlerMapping'
2025-09-25T00:19:42.768+08:00 DEBUG 7148 --- [java-assessment] [restartedMain] o.s.w.s.handler.SimpleUrlHandlerMapping  : Patterns [/webjars/**, /**, /swagger-ui*/*swagger-initializer.js, /swagger-ui*/**] in 'resourceHandlerMapping'
2025-09-25T00:19:42.780+08:00 DEBUG 7148 --- [java-assessment] [restartedMain] s.w.s.m.m.a.RequestMappingHandlerAdapter : ControllerAdvice beans: 0 @ModelAttribute, 0 @InitBinder, 1 RequestBodyAdvice, 1 ResponseBodyAdvice
2025-09-25T00:19:42.788+08:00 DEBUG 7148 --- [java-assessment] [restartedMain] .m.m.a.ExceptionHandlerExceptionResolver : ControllerAdvice beans: 2 @ExceptionHandler, 1 ResponseBodyAdvice
2025-09-25T00:19:42.920+08:00  INFO 7148 --- [java-assessment] [restartedMain] o.s.b.w.embedded.tomcat.TomcatWebServer  : Tomcat started on port 8080 (http) with context path '/'
2025-09-25T00:19:42.924+08:00  INFO 7148 --- [java-assessment] [restartedMain] c.e.j.a.JavaAssessmentApplication        : Started JavaAssessmentApplication in 1.03 seconds (process running for 57.388)
2025-09-25T00:19:42.927+08:00  INFO 7148 --- [java-assessment] [restartedMain] .ConditionEvaluationDeltaLoggingListener : Condition evaluation unchanged
2025-09-25T00:23:02.698+08:00  INFO 7148 --- [java-assessment] [SpringApplicationShutdownHook] o.s.b.w.e.tomcat.GracefulShutdown        : Commencing graceful shutdown. Waiting for active requests to complete
2025-09-25T00:23:02.979+08:00  INFO 7148 --- [java-assessment] [tomcat-shutdown] o.s.b.w.e.tomcat.GracefulShutdown        : Graceful shutdown complete
2025-09-25T00:23:07.880+08:00  INFO 2240 --- [java-assessment] [restartedMain] c.e.j.a.JavaAssessmentApplication        : Starting JavaAssessmentApplication using Java 17.0.12 with PID 2240 (C:\Users\gokan\Documents\java-assessment-\target\classes started by User Aina in C:\Users\gokan\Documents\java-assessment-)
2025-09-25T00:23:07.883+08:00  INFO 2240 --- [java-assessment] [restartedMain] c.e.j.a.JavaAssessmentApplication        : No active profile set, falling back to 1 default profile: "default"
2025-09-25T00:23:07.941+08:00  INFO 2240 --- [java-assessment] [restartedMain] .e.DevToolsPropertyDefaultsPostProcessor : Devtools property defaults active! Set 'spring.devtools.add-properties' to 'false' to disable
2025-09-25T00:23:07.942+08:00  INFO 2240 --- [java-assessment] [restartedMain] .e.DevToolsPropertyDefaultsPostProcessor : For additional web related logging consider setting the 'logging.level.web' property to 'DEBUG'
2025-09-25T00:23:08.579+08:00  INFO 2240 --- [java-assessment] [restartedMain] .s.d.r.c.RepositoryConfigurationDelegate : Bootstrapping Spring Data R2DBC repositories in DEFAULT mode.
2025-09-25T00:23:08.722+08:00  INFO 2240 --- [java-assessment] [restartedMain] .s.d.r.c.RepositoryConfigurationDelegate : Finished Spring Data repository scanning in 136 ms. Found 2 R2DBC repository interfaces.
2025-09-25T00:23:09.522+08:00  INFO 2240 --- [java-assessment] [restartedMain] o.s.b.w.embedded.tomcat.TomcatWebServer  : Tomcat initialized with port 8080 (http)
2025-09-25T00:23:09.536+08:00  INFO 2240 --- [java-assessment] [restartedMain] o.apache.catalina.core.StandardService   : Starting service [Tomcat]
2025-09-25T00:23:09.537+08:00  INFO 2240 --- [java-assessment] [restartedMain] o.apache.catalina.core.StandardEngine    : Starting Servlet engine: [Apache Tomcat/10.1.46]
2025-09-25T00:23:09.598+08:00  INFO 2240 --- [java-assessment] [restartedMain] o.a.c.c.C.[Tomcat].[localhost].[/]       : Initializing Spring embedded WebApplicationContext
2025-09-25T00:23:09.599+08:00  INFO 2240 --- [java-assessment] [restartedMain] w.s.c.ServletWebServerApplicationContext : Root WebApplicationContext: initialization completed in 1656 ms
2025-09-25T00:23:10.060+08:00  INFO 2240 --- [java-assessment] [restartedMain] o.s.b.d.a.OptionalLiveReloadServer       : LiveReload server is running on port 35729
2025-09-25T00:23:10.440+08:00 DEBUG 2240 --- [java-assessment] [restartedMain] s.w.s.m.m.a.RequestMappingHandlerMapping : 16 mappings in 'requestMappingHandlerMapping'
2025-09-25T00:23:10.472+08:00 DEBUG 2240 --- [java-assessment] [restartedMain] o.s.w.s.handler.SimpleUrlHandlerMapping  : Patterns [/webjars/**, /**, /swagger-ui*/*swagger-initializer.js, /swagger-ui*/**] in 'resourceHandlerMapping'
2025-09-25T00:23:10.494+08:00 DEBUG 2240 --- [java-assessment] [restartedMain] s.w.s.m.m.a.RequestMappingHandlerAdapter : ControllerAdvice beans: 0 @ModelAttribute, 0 @InitBinder, 1 RequestBodyAdvice, 1 ResponseBodyAdvice
2025-09-25T00:23:10.540+08:00 DEBUG 2240 --- [java-assessment] [restartedMain] .m.m.a.ExceptionHandlerExceptionResolver : ControllerAdvice beans: 2 @ExceptionHandler, 1 ResponseBodyAdvice
2025-09-25T00:23:11.139+08:00  INFO 2240 --- [java-assessment] [restartedMain] o.s.b.w.embedded.tomcat.TomcatWebServer  : Tomcat started on port 8080 (http) with context path '/'
2025-09-25T00:23:11.151+08:00  INFO 2240 --- [java-assessment] [restartedMain] c.e.j.a.JavaAssessmentApplication        : Started JavaAssessmentApplication in 3.801 seconds (process running for 4.564)
2025-09-25T00:23:14.129+08:00  INFO 2240 --- [java-assessment] [http-nio-8080-exec-1] o.a.c.c.C.[Tomcat].[localhost].[/]       : Initializing Spring DispatcherServlet 'dispatcherServlet'
2025-09-25T00:23:14.130+08:00  INFO 2240 --- [java-assessment] [http-nio-8080-exec-1] o.s.web.servlet.DispatcherServlet        : Initializing Servlet 'dispatcherServlet'
2025-09-25T00:23:14.130+08:00 DEBUG 2240 --- [java-assessment] [http-nio-8080-exec-1] o.s.web.servlet.DispatcherServlet        : Detected StandardServletMultipartResolver
2025-09-25T00:23:14.131+08:00 DEBUG 2240 --- [java-assessment] [http-nio-8080-exec-1] o.s.web.servlet.DispatcherServlet        : Detected AcceptHeaderLocaleResolver
2025-09-25T00:23:14.131+08:00 DEBUG 2240 --- [java-assessment] [http-nio-8080-exec-1] o.s.web.servlet.DispatcherServlet        : Detected FixedThemeResolver
2025-09-25T00:23:14.132+08:00 DEBUG 2240 --- [java-assessment] [http-nio-8080-exec-1] o.s.web.servlet.DispatcherServlet        : Detected org.springframework.web.servlet.view.DefaultRequestToViewNameTranslator@29705a80
2025-09-25T00:23:14.132+08:00 DEBUG 2240 --- [java-assessment] [http-nio-8080-exec-1] o.s.web.servlet.DispatcherServlet        : Detected org.springframework.web.servlet.support.SessionFlashMapManager@34428e02
2025-09-25T00:23:14.133+08:00 DEBUG 2240 --- [java-assessment] [http-nio-8080-exec-1] o.s.web.servlet.DispatcherServlet        : enableLoggingRequestDetails='false': request parameters and headers will be masked to prevent unsafe logging of potentially sensitive data
2025-09-25T00:23:14.133+08:00  INFO 2240 --- [java-assessment] [http-nio-8080-exec-1] o.s.web.servlet.DispatcherServlet        : Completed initialization in 3 ms
2025-09-25T00:23:14.145+08:00 DEBUG 2240 --- [java-assessment] [http-nio-8080-exec-1] o.s.web.servlet.DispatcherServlet        : GET "/swagger-ui/index.html", parameters={}
2025-09-25T00:23:14.156+08:00 DEBUG 2240 --- [java-assessment] [http-nio-8080-exec-1] o.s.w.s.handler.SimpleUrlHandlerMapping  : Mapped to ResourceHttpRequestHandler [classpath [META-INF/resources/webjars/]]
2025-09-25T00:23:14.187+08:00 DEBUG 2240 --- [java-assessment] [http-nio-8080-exec-1] o.s.web.servlet.DispatcherServlet        : Completed 304 NOT_MODIFIED
2025-09-25T00:23:14.210+08:00 DEBUG 2240 --- [java-assessment] [http-nio-8080-exec-2] o.s.web.servlet.DispatcherServlet        : GET "/swagger-ui/swagger-initializer.js", parameters={}
2025-09-25T00:23:14.211+08:00 DEBUG 2240 --- [java-assessment] [http-nio-8080-exec-2] o.s.w.s.handler.SimpleUrlHandlerMapping  : Mapped to ResourceHttpRequestHandler [classpath [META-INF/resources/webjars/]]
2025-09-25T00:23:14.257+08:00 DEBUG 2240 --- [java-assessment] [http-nio-8080-exec-2] o.s.web.servlet.DispatcherServlet        : Completed 200 OK
2025-09-25T00:23:14.462+08:00 DEBUG 2240 --- [java-assessment] [http-nio-8080-exec-3] o.s.web.servlet.DispatcherServlet        : GET "/v3/api-docs/swagger-config", parameters={}
2025-09-25T00:23:14.464+08:00 DEBUG 2240 --- [java-assessment] [http-nio-8080-exec-3] s.w.s.m.m.a.RequestMappingHandlerMapping : Mapped to org.springdoc.webmvc.ui.SwaggerConfigResource#openapiJson(HttpServletRequest)
2025-09-25T00:23:14.481+08:00 DEBUG 2240 --- [java-assessment] [http-nio-8080-exec-3] m.m.a.RequestResponseBodyMethodProcessor : Using 'application/json', given [*/*] and supported [application/json]
2025-09-25T00:23:14.505+08:00 DEBUG 2240 --- [java-assessment] [http-nio-8080-exec-3] m.m.a.RequestResponseBodyMethodProcessor : Writing [{configUrl=/v3/api-docs/swagger-config, oauth2RedirectUrl=http://localhost:8080/swagger-ui/oauth2-re (truncated)...]
2025-09-25T00:23:14.510+08:00 DEBUG 2240 --- [java-assessment] [http-nio-8080-exec-3] o.s.web.servlet.DispatcherServlet        : Completed 200 OK
2025-09-25T00:23:14.536+08:00 DEBUG 2240 --- [java-assessment] [http-nio-8080-exec-4] o.s.web.servlet.DispatcherServlet        : GET "/v3/api-docs", parameters={}
2025-09-25T00:23:14.537+08:00 DEBUG 2240 --- [java-assessment] [http-nio-8080-exec-4] s.w.s.m.m.a.RequestMappingHandlerMapping : Mapped to org.springdoc.webmvc.api.OpenApiWebMvcResource#openapiJson(HttpServletRequest, String, Locale)
2025-09-25T00:23:14.906+08:00  INFO 2240 --- [java-assessment] [http-nio-8080-exec-4] o.springdoc.api.AbstractOpenApiResource  : Init duration for springdoc-openapi is: 353 ms
2025-09-25T00:23:14.930+08:00 DEBUG 2240 --- [java-assessment] [http-nio-8080-exec-4] m.m.a.RequestResponseBodyMethodProcessor : Using 'application/json', given [application/json, */*] and supported [application/json]
2025-09-25T00:23:14.932+08:00 DEBUG 2240 --- [java-assessment] [http-nio-8080-exec-4] m.m.a.RequestResponseBodyMethodProcessor : Writing [{123, 34, 111, 112, 101, 110, 97, 112, 105, 34, 58, 34, 51, 46, 49, 46, 48, 34, 44, 34, 105, 110, 10 (truncated)...]
2025-09-25T00:23:14.932+08:00 DEBUG 2240 --- [java-assessment] [http-nio-8080-exec-4] o.s.web.servlet.DispatcherServlet        : Completed 200 OK
2025-09-25T00:27:50.619+08:00  INFO 2240 --- [java-assessment] [SpringApplicationShutdownHook] o.s.b.w.e.tomcat.GracefulShutdown        : Commencing graceful shutdown. Waiting for active requests to complete
2025-09-25T00:27:50.851+08:00  INFO 2240 --- [java-assessment] [tomcat-shutdown] o.s.b.w.e.tomcat.GracefulShutdown        : Graceful shutdown complete
2025-09-25T00:27:56.273+08:00  INFO 27436 --- [java-assessment] [restartedMain] c.e.j.a.JavaAssessmentApplication        : Starting JavaAssessmentApplication using Java 17.0.12 with PID 27436 (C:\Users\gokan\Documents\java-assessment-\target\classes started by User Aina in C:\Users\gokan\Documents\java-assessment-)
2025-09-25T00:27:56.273+08:00  INFO 27436 --- [java-assessment] [restartedMain] c.e.j.a.JavaAssessmentApplication        : No active profile set, falling back to 1 default profile: "default"
2025-09-25T00:27:56.323+08:00  INFO 27436 --- [java-assessment] [restartedMain] .e.DevToolsPropertyDefaultsPostProcessor : Devtools property defaults active! Set 'spring.devtools.add-properties' to 'false' to disable
2025-09-25T00:27:56.323+08:00  INFO 27436 --- [java-assessment] [restartedMain] .e.DevToolsPropertyDefaultsPostProcessor : For additional web related logging consider setting the 'logging.level.web' property to 'DEBUG'
2025-09-25T00:27:56.856+08:00  INFO 27436 --- [java-assessment] [restartedMain] .s.d.r.c.RepositoryConfigurationDelegate : Bootstrapping Spring Data R2DBC repositories in DEFAULT mode.
2025-09-25T00:27:56.979+08:00  INFO 27436 --- [java-assessment] [restartedMain] .s.d.r.c.RepositoryConfigurationDelegate : Finished Spring Data repository scanning in 116 ms. Found 2 R2DBC repository interfaces.
2025-09-25T00:27:57.681+08:00  INFO 27436 --- [java-assessment] [restartedMain] o.s.b.w.embedded.tomcat.TomcatWebServer  : Tomcat initialized with port 8080 (http)
2025-09-25T00:27:57.693+08:00  INFO 27436 --- [java-assessment] [restartedMain] o.apache.catalina.core.StandardService   : Starting service [Tomcat]
2025-09-25T00:27:57.696+08:00  INFO 27436 --- [java-assessment] [restartedMain] o.apache.catalina.core.StandardEngine    : Starting Servlet engine: [Apache Tomcat/10.1.46]
2025-09-25T00:27:57.749+08:00  INFO 27436 --- [java-assessment] [restartedMain] o.a.c.c.C.[Tomcat].[localhost].[/]       : Initializing Spring embedded WebApplicationContext
2025-09-25T00:27:57.749+08:00  INFO 27436 --- [java-assessment] [restartedMain] w.s.c.ServletWebServerApplicationContext : Root WebApplicationContext: initialization completed in 1426 ms
2025-09-25T00:27:58.111+08:00  INFO 27436 --- [java-assessment] [restartedMain] o.s.b.d.a.OptionalLiveReloadServer       : LiveReload server is running on port 35729
2025-09-25T00:27:58.462+08:00 DEBUG 27436 --- [java-assessment] [restartedMain] s.w.s.m.m.a.RequestMappingHandlerMapping : 16 mappings in 'requestMappingHandlerMapping'
2025-09-25T00:27:58.499+08:00 DEBUG 27436 --- [java-assessment] [restartedMain] o.s.w.s.handler.SimpleUrlHandlerMapping  : Patterns [/webjars/**, /**, /swagger-ui*/*swagger-initializer.js, /swagger-ui*/**] in 'resourceHandlerMapping'
2025-09-25T00:27:58.524+08:00 DEBUG 27436 --- [java-assessment] [restartedMain] s.w.s.m.m.a.RequestMappingHandlerAdapter : ControllerAdvice beans: 0 @ModelAttribute, 0 @InitBinder, 1 RequestBodyAdvice, 1 ResponseBodyAdvice
2025-09-25T00:27:58.567+08:00 DEBUG 27436 --- [java-assessment] [restartedMain] .m.m.a.ExceptionHandlerExceptionResolver : ControllerAdvice beans: 2 @ExceptionHandler, 1 ResponseBodyAdvice
2025-09-25T00:27:59.182+08:00  INFO 27436 --- [java-assessment] [restartedMain] o.s.b.w.embedded.tomcat.TomcatWebServer  : Tomcat started on port 8080 (http) with context path '/'
2025-09-25T00:27:59.183+08:00  INFO 27436 --- [java-assessment] [restartedMain] c.e.j.a.JavaAssessmentApplication        : Started JavaAssessmentApplication in 3.361 seconds (process running for 4.17)
2025-09-25T00:28:04.454+08:00  INFO 27436 --- [java-assessment] [http-nio-8080-exec-1] o.a.c.c.C.[Tomcat].[localhost].[/]       : Initializing Spring DispatcherServlet 'dispatcherServlet'
2025-09-25T00:28:04.454+08:00  INFO 27436 --- [java-assessment] [http-nio-8080-exec-1] o.s.web.servlet.DispatcherServlet        : Initializing Servlet 'dispatcherServlet'
2025-09-25T00:28:04.454+08:00 DEBUG 27436 --- [java-assessment] [http-nio-8080-exec-1] o.s.web.servlet.DispatcherServlet        : Detected StandardServletMultipartResolver
2025-09-25T00:28:04.454+08:00 DEBUG 27436 --- [java-assessment] [http-nio-8080-exec-1] o.s.web.servlet.DispatcherServlet        : Detected AcceptHeaderLocaleResolver
2025-09-25T00:28:04.454+08:00 DEBUG 27436 --- [java-assessment] [http-nio-8080-exec-1] o.s.web.servlet.DispatcherServlet        : Detected FixedThemeResolver
2025-09-25T00:28:04.459+08:00 DEBUG 27436 --- [java-assessment] [http-nio-8080-exec-1] o.s.web.servlet.DispatcherServlet        : Detected org.springframework.web.servlet.view.DefaultRequestToViewNameTranslator@6885ca6b
2025-09-25T00:28:04.459+08:00 DEBUG 27436 --- [java-assessment] [http-nio-8080-exec-1] o.s.web.servlet.DispatcherServlet        : Detected org.springframework.web.servlet.support.SessionFlashMapManager@19a94c08
2025-09-25T00:28:04.460+08:00 DEBUG 27436 --- [java-assessment] [http-nio-8080-exec-1] o.s.web.servlet.DispatcherServlet        : enableLoggingRequestDetails='false': request parameters and headers will be masked to prevent unsafe logging of potentially sensitive data
2025-09-25T00:28:04.460+08:00  INFO 27436 --- [java-assessment] [http-nio-8080-exec-1] o.s.web.servlet.DispatcherServlet        : Completed initialization in 6 ms
2025-09-25T00:28:04.472+08:00 DEBUG 27436 --- [java-assessment] [http-nio-8080-exec-1] o.s.web.servlet.DispatcherServlet        : GET "/swagger-ui/index.html", parameters={}
2025-09-25T00:28:04.484+08:00 DEBUG 27436 --- [java-assessment] [http-nio-8080-exec-1] o.s.w.s.handler.SimpleUrlHandlerMapping  : Mapped to ResourceHttpRequestHandler [classpath [META-INF/resources/webjars/]]
2025-09-25T00:28:04.507+08:00 DEBUG 27436 --- [java-assessment] [http-nio-8080-exec-1] o.s.web.servlet.DispatcherServlet        : Completed 304 NOT_MODIFIED
2025-09-25T00:28:04.529+08:00 DEBUG 27436 --- [java-assessment] [http-nio-8080-exec-2] o.s.web.servlet.DispatcherServlet        : GET "/swagger-ui/swagger-initializer.js", parameters={}
2025-09-25T00:28:04.529+08:00 DEBUG 27436 --- [java-assessment] [http-nio-8080-exec-2] o.s.w.s.handler.SimpleUrlHandlerMapping  : Mapped to ResourceHttpRequestHandler [classpath [META-INF/resources/webjars/]]
2025-09-25T00:28:04.566+08:00 DEBUG 27436 --- [java-assessment] [http-nio-8080-exec-2] o.s.web.servlet.DispatcherServlet        : Completed 200 OK
2025-09-25T00:28:04.733+08:00 DEBUG 27436 --- [java-assessment] [http-nio-8080-exec-3] o.s.web.servlet.DispatcherServlet        : GET "/v3/api-docs/swagger-config", parameters={}
2025-09-25T00:28:04.733+08:00 DEBUG 27436 --- [java-assessment] [http-nio-8080-exec-3] s.w.s.m.m.a.RequestMappingHandlerMapping : Mapped to org.springdoc.webmvc.ui.SwaggerConfigResource#openapiJson(HttpServletRequest)
2025-09-25T00:28:04.754+08:00 DEBUG 27436 --- [java-assessment] [http-nio-8080-exec-3] m.m.a.RequestResponseBodyMethodProcessor : Using 'application/json', given [*/*] and supported [application/json]
2025-09-25T00:28:04.774+08:00 DEBUG 27436 --- [java-assessment] [http-nio-8080-exec-3] m.m.a.RequestResponseBodyMethodProcessor : Writing [{configUrl=/v3/api-docs/swagger-config, oauth2RedirectUrl=http://localhost:8080/swagger-ui/oauth2-re (truncated)...]
2025-09-25T00:28:04.787+08:00 DEBUG 27436 --- [java-assessment] [http-nio-8080-exec-3] o.s.web.servlet.DispatcherServlet        : Completed 200 OK
2025-09-25T00:28:04.805+08:00 DEBUG 27436 --- [java-assessment] [http-nio-8080-exec-4] o.s.web.servlet.DispatcherServlet        : GET "/v3/api-docs", parameters={}
2025-09-25T00:28:04.805+08:00 DEBUG 27436 --- [java-assessment] [http-nio-8080-exec-4] s.w.s.m.m.a.RequestMappingHandlerMapping : Mapped to org.springdoc.webmvc.api.OpenApiWebMvcResource#openapiJson(HttpServletRequest, String, Locale)
2025-09-25T00:28:05.241+08:00  INFO 27436 --- [java-assessment] [http-nio-8080-exec-4] o.springdoc.api.AbstractOpenApiResource  : Init duration for springdoc-openapi is: 424 ms
2025-09-25T00:28:05.261+08:00 DEBUG 27436 --- [java-assessment] [http-nio-8080-exec-4] m.m.a.RequestResponseBodyMethodProcessor : Using 'application/json', given [application/json, */*] and supported [application/json]
2025-09-25T00:28:05.262+08:00 DEBUG 27436 --- [java-assessment] [http-nio-8080-exec-4] m.m.a.RequestResponseBodyMethodProcessor : Writing [{123, 34, 111, 112, 101, 110, 97, 112, 105, 34, 58, 34, 51, 46, 49, 46, 48, 34, 44, 34, 105, 110, 10 (truncated)...]
2025-09-25T00:28:05.262+08:00 DEBUG 27436 --- [java-assessment] [http-nio-8080-exec-4] o.s.web.servlet.DispatcherServlet        : Completed 200 OK
2025-09-25T00:28:32.663+08:00 DEBUG 27436 --- [java-assessment] [http-nio-8080-exec-5] o.s.web.servlet.DispatcherServlet        : POST "/api/customers", parameters={}
2025-09-25T00:28:32.665+08:00 DEBUG 27436 --- [java-assessment] [http-nio-8080-exec-5] s.w.s.m.m.a.RequestMappingHandlerMapping : Mapped to com.example.java.assessment.controller.CustomerController#addCustomer(CustomerDto)
2025-09-25T00:28:32.676+08:00 DEBUG 27436 --- [java-assessment] [http-nio-8080-exec-5] m.m.a.RequestResponseBodyMethodProcessor : Read "application/json;charset=UTF-8" to [CustomerDto(id=null, firstName=AMIRAssss, lastName=ATIQAH, email=atiqah.com, address=null, phoneNo=n (truncated)...]
2025-09-25T00:28:32.741+08:00 DEBUG 27436 --- [java-assessment] [http-nio-8080-exec-5] o.s.w.c.request.async.WebAsyncManager    : Started async request for "/api/customers"
2025-09-25T00:28:32.747+08:00 DEBUG 27436 --- [java-assessment] [http-nio-8080-exec-5] o.s.web.servlet.DispatcherServlet        : Exiting but response remains open for further handling
2025-09-25T00:28:32.797+08:00 DEBUG 27436 --- [java-assessment] [reactor-tcp-nio-5] o.s.w.c.request.async.WebAsyncManager    : Async result set for "/api/customers"
2025-09-25T00:28:32.797+08:00 DEBUG 27436 --- [java-assessment] [reactor-tcp-nio-5] o.s.w.c.request.async.WebAsyncManager    : Performing async dispatch for "/api/customers"
2025-09-25T00:28:32.801+08:00 DEBUG 27436 --- [java-assessment] [http-nio-8080-exec-7] o.s.web.servlet.DispatcherServlet        : "ASYNC" dispatch for POST "/api/customers", parameters={}
2025-09-25T00:28:32.817+08:00 DEBUG 27436 --- [java-assessment] [http-nio-8080-exec-7] s.w.s.m.m.a.RequestMappingHandlerAdapter : Resume with async result [<200 OK OK,BaseResponse(code=201, message=Customer created successfully, data=com.example.java.asses (truncated)...]
2025-09-25T00:28:32.821+08:00 DEBUG 27436 --- [java-assessment] [http-nio-8080-exec-7] o.s.w.s.m.m.a.HttpEntityMethodProcessor  : Using 'application/json', given [*/*] and supported [application/json, application/*+json, application/yaml]
2025-09-25T00:28:32.821+08:00 DEBUG 27436 --- [java-assessment] [http-nio-8080-exec-7] o.s.w.s.m.m.a.HttpEntityMethodProcessor  : Writing [BaseResponse(code=201, message=Customer created successfully, data=com.example.java.assessment.entit (truncated)...]
2025-09-25T00:28:32.827+08:00 DEBUG 27436 --- [java-assessment] [http-nio-8080-exec-7] o.s.web.servlet.DispatcherServlet        : Exiting from "ASYNC" dispatch, status 200
2025-09-25T00:31:06.144+08:00  INFO 27436 --- [java-assessment] [SpringApplicationShutdownHook] o.s.b.w.e.tomcat.GracefulShutdown        : Commencing graceful shutdown. Waiting for active requests to complete
2025-09-25T00:31:06.423+08:00  INFO 27436 --- [java-assessment] [tomcat-shutdown] o.s.b.w.e.tomcat.GracefulShutdown        : Graceful shutdown complete
2025-09-25T00:31:12.058+08:00  INFO 25776 --- [java-assessment] [restartedMain] c.e.j.a.JavaAssessmentApplication        : Starting JavaAssessmentApplication using Java 17.0.12 with PID 25776 (C:\Users\gokan\Documents\java-assessment-\target\classes started by User Aina in C:\Users\gokan\Documents\java-assessment-)
2025-09-25T00:31:12.062+08:00  INFO 25776 --- [java-assessment] [restartedMain] c.e.j.a.JavaAssessmentApplication        : No active profile set, falling back to 1 default profile: "default"
2025-09-25T00:31:12.121+08:00  INFO 25776 --- [java-assessment] [restartedMain] .e.DevToolsPropertyDefaultsPostProcessor : Devtools property defaults active! Set 'spring.devtools.add-properties' to 'false' to disable
2025-09-25T00:31:12.122+08:00  INFO 25776 --- [java-assessment] [restartedMain] .e.DevToolsPropertyDefaultsPostProcessor : For additional web related logging consider setting the 'logging.level.web' property to 'DEBUG'
2025-09-25T00:31:12.754+08:00  INFO 25776 --- [java-assessment] [restartedMain] .s.d.r.c.RepositoryConfigurationDelegate : Bootstrapping Spring Data R2DBC repositories in DEFAULT mode.
2025-09-25T00:31:12.899+08:00  INFO 25776 --- [java-assessment] [restartedMain] .s.d.r.c.RepositoryConfigurationDelegate : Finished Spring Data repository scanning in 138 ms. Found 2 R2DBC repository interfaces.
2025-09-25T00:31:13.718+08:00  INFO 25776 --- [java-assessment] [restartedMain] o.s.b.w.embedded.tomcat.TomcatWebServer  : Tomcat initialized with port 8080 (http)
2025-09-25T00:31:13.731+08:00  INFO 25776 --- [java-assessment] [restartedMain] o.apache.catalina.core.StandardService   : Starting service [Tomcat]
2025-09-25T00:31:13.731+08:00  INFO 25776 --- [java-assessment] [restartedMain] o.apache.catalina.core.StandardEngine    : Starting Servlet engine: [Apache Tomcat/10.1.46]
2025-09-25T00:31:13.794+08:00  INFO 25776 --- [java-assessment] [restartedMain] o.a.c.c.C.[Tomcat].[localhost].[/]       : Initializing Spring embedded WebApplicationContext
2025-09-25T00:31:13.794+08:00  INFO 25776 --- [java-assessment] [restartedMain] w.s.c.ServletWebServerApplicationContext : Root WebApplicationContext: initialization completed in 1672 ms
2025-09-25T00:31:14.190+08:00  INFO 25776 --- [java-assessment] [restartedMain] o.s.b.d.a.OptionalLiveReloadServer       : LiveReload server is running on port 35729
2025-09-25T00:31:14.578+08:00 DEBUG 25776 --- [java-assessment] [restartedMain] s.w.s.m.m.a.RequestMappingHandlerMapping : 16 mappings in 'requestMappingHandlerMapping'
2025-09-25T00:31:14.612+08:00 DEBUG 25776 --- [java-assessment] [restartedMain] o.s.w.s.handler.SimpleUrlHandlerMapping  : Patterns [/webjars/**, /**, /swagger-ui*/*swagger-initializer.js, /swagger-ui*/**] in 'resourceHandlerMapping'
2025-09-25T00:31:14.633+08:00 DEBUG 25776 --- [java-assessment] [restartedMain] s.w.s.m.m.a.RequestMappingHandlerAdapter : ControllerAdvice beans: 0 @ModelAttribute, 0 @InitBinder, 1 RequestBodyAdvice, 1 ResponseBodyAdvice
2025-09-25T00:31:14.671+08:00 DEBUG 25776 --- [java-assessment] [restartedMain] .m.m.a.ExceptionHandlerExceptionResolver : ControllerAdvice beans: 2 @ExceptionHandler, 1 ResponseBodyAdvice
2025-09-25T00:31:15.232+08:00  INFO 25776 --- [java-assessment] [restartedMain] o.s.b.w.embedded.tomcat.TomcatWebServer  : Tomcat started on port 8080 (http) with context path '/'
2025-09-25T00:31:15.243+08:00  INFO 25776 --- [java-assessment] [restartedMain] c.e.j.a.JavaAssessmentApplication        : Started JavaAssessmentApplication in 3.721 seconds (process running for 4.514)
2025-09-25T00:31:39.064+08:00  INFO 25776 --- [java-assessment] [http-nio-8080-exec-2] o.a.c.c.C.[Tomcat].[localhost].[/]       : Initializing Spring DispatcherServlet 'dispatcherServlet'
2025-09-25T00:31:39.064+08:00  INFO 25776 --- [java-assessment] [http-nio-8080-exec-2] o.s.web.servlet.DispatcherServlet        : Initializing Servlet 'dispatcherServlet'
2025-09-25T00:31:39.064+08:00 DEBUG 25776 --- [java-assessment] [http-nio-8080-exec-2] o.s.web.servlet.DispatcherServlet        : Detected StandardServletMultipartResolver
2025-09-25T00:31:39.064+08:00 DEBUG 25776 --- [java-assessment] [http-nio-8080-exec-2] o.s.web.servlet.DispatcherServlet        : Detected AcceptHeaderLocaleResolver
2025-09-25T00:31:39.064+08:00 DEBUG 25776 --- [java-assessment] [http-nio-8080-exec-2] o.s.web.servlet.DispatcherServlet        : Detected FixedThemeResolver
2025-09-25T00:31:39.064+08:00 DEBUG 25776 --- [java-assessment] [http-nio-8080-exec-2] o.s.web.servlet.DispatcherServlet        : Detected org.springframework.web.servlet.view.DefaultRequestToViewNameTranslator@23c8e909
2025-09-25T00:31:39.067+08:00 DEBUG 25776 --- [java-assessment] [http-nio-8080-exec-2] o.s.web.servlet.DispatcherServlet        : Detected org.springframework.web.servlet.support.SessionFlashMapManager@5533e17b
2025-09-25T00:31:39.068+08:00 DEBUG 25776 --- [java-assessment] [http-nio-8080-exec-2] o.s.web.servlet.DispatcherServlet        : enableLoggingRequestDetails='false': request parameters and headers will be masked to prevent unsafe logging of potentially sensitive data
2025-09-25T00:31:39.068+08:00  INFO 25776 --- [java-assessment] [http-nio-8080-exec-2] o.s.web.servlet.DispatcherServlet        : Completed initialization in 4 ms
2025-09-25T00:31:39.081+08:00 DEBUG 25776 --- [java-assessment] [http-nio-8080-exec-2] o.s.web.servlet.DispatcherServlet        : POST "/api/products", parameters={}
2025-09-25T00:31:39.096+08:00 DEBUG 25776 --- [java-assessment] [http-nio-8080-exec-2] s.w.s.m.m.a.RequestMappingHandlerMapping : Mapped to com.example.java.assessment.controller.ProductController#addProduct(ProductDto)
2025-09-25T00:31:39.203+08:00 DEBUG 25776 --- [java-assessment] [http-nio-8080-exec-2] m.m.a.RequestResponseBodyMethodProcessor : Read "application/json;charset=UTF-8" to [ProductDto(id=null, bookTitle=HARRY , bookPrice=56.9, bookQuantity=90)]
2025-09-25T00:31:39.289+08:00 DEBUG 25776 --- [java-assessment] [http-nio-8080-exec-2] o.s.w.c.request.async.WebAsyncManager    : Started async request for "/api/products"
2025-09-25T00:31:39.299+08:00 DEBUG 25776 --- [java-assessment] [http-nio-8080-exec-2] o.s.web.servlet.DispatcherServlet        : Exiting but response remains open for further handling
2025-09-25T00:31:39.354+08:00 DEBUG 25776 --- [java-assessment] [reactor-tcp-nio-5] o.s.w.c.request.async.WebAsyncManager    : Async result set for "/api/products"
2025-09-25T00:31:39.354+08:00 DEBUG 25776 --- [java-assessment] [reactor-tcp-nio-5] o.s.w.c.request.async.WebAsyncManager    : Performing async dispatch for "/api/products"
2025-09-25T00:31:39.365+08:00 DEBUG 25776 --- [java-assessment] [http-nio-8080-exec-3] o.s.web.servlet.DispatcherServlet        : "ASYNC" dispatch for POST "/api/products", parameters={}
2025-09-25T00:31:39.371+08:00 DEBUG 25776 --- [java-assessment] [http-nio-8080-exec-3] s.w.s.m.m.a.RequestMappingHandlerAdapter : Resume with async result [<200 OK OK,BaseResponse(code=201, message=Product created successfully, data=com.example.java.assess (truncated)...]
2025-09-25T00:31:39.396+08:00 DEBUG 25776 --- [java-assessment] [http-nio-8080-exec-3] o.s.w.s.m.m.a.HttpEntityMethodProcessor  : Using 'application/json', given [*/*] and supported [application/json, application/*+json, application/yaml]
2025-09-25T00:31:39.400+08:00 DEBUG 25776 --- [java-assessment] [http-nio-8080-exec-3] o.s.w.s.m.m.a.HttpEntityMethodProcessor  : Writing [BaseResponse(code=201, message=Product created successfully, data=com.example.java.assessment.entity (truncated)...]
2025-09-25T00:31:39.423+08:00 DEBUG 25776 --- [java-assessment] [http-nio-8080-exec-3] o.s.web.servlet.DispatcherServlet        : Exiting from "ASYNC" dispatch, status 200
2025-09-25T00:31:50.015+08:00 DEBUG 25776 --- [java-assessment] [http-nio-8080-exec-4] o.s.web.servlet.DispatcherServlet        : GET "/api/customers", parameters={}
2025-09-25T00:31:50.017+08:00 DEBUG 25776 --- [java-assessment] [http-nio-8080-exec-4] s.w.s.m.m.a.RequestMappingHandlerMapping : Mapped to com.example.java.assessment.controller.CustomerController#getAllCustomers()
2025-09-25T00:31:50.041+08:00 DEBUG 25776 --- [java-assessment] [http-nio-8080-exec-4] o.s.w.c.request.async.WebAsyncManager    : Started async request for "/api/customers"
2025-09-25T00:31:50.041+08:00 DEBUG 25776 --- [java-assessment] [http-nio-8080-exec-4] o.s.web.servlet.DispatcherServlet        : Exiting but response remains open for further handling
2025-09-25T00:31:50.078+08:00 DEBUG 25776 --- [java-assessment] [reactor-tcp-nio-5] o.s.w.c.request.async.WebAsyncManager    : Async result set for "/api/customers"
2025-09-25T00:31:50.079+08:00 DEBUG 25776 --- [java-assessment] [reactor-tcp-nio-5] o.s.w.c.request.async.WebAsyncManager    : Performing async dispatch for "/api/customers"
2025-09-25T00:31:50.079+08:00 DEBUG 25776 --- [java-assessment] [http-nio-8080-exec-5] o.s.web.servlet.DispatcherServlet        : "ASYNC" dispatch for GET "/api/customers", parameters={}
2025-09-25T00:31:50.081+08:00 DEBUG 25776 --- [java-assessment] [http-nio-8080-exec-5] s.w.s.m.m.a.RequestMappingHandlerAdapter : Resume with async result [<200 OK OK,BaseResponse(code=200, message=Customer list retrieved successfully, data=[com.example.ja (truncated)...]
2025-09-25T00:31:50.082+08:00 DEBUG 25776 --- [java-assessment] [http-nio-8080-exec-5] o.s.w.s.m.m.a.HttpEntityMethodProcessor  : Using 'application/json', given [*/*] and supported [application/json, application/*+json, application/yaml]
2025-09-25T00:31:50.082+08:00 DEBUG 25776 --- [java-assessment] [http-nio-8080-exec-5] o.s.w.s.m.m.a.HttpEntityMethodProcessor  : Writing [BaseResponse(code=200, message=Customer list retrieved successfully, data=[com.example.java.assessme (truncated)...]
2025-09-25T00:31:50.086+08:00 DEBUG 25776 --- [java-assessment] [http-nio-8080-exec-5] o.s.web.servlet.DispatcherServlet        : Exiting from "ASYNC" dispatch, status 200
2025-09-25T00:32:01.438+08:00 DEBUG 25776 --- [java-assessment] [http-nio-8080-exec-6] o.s.web.servlet.DispatcherServlet        : DELETE "/api/customers/4b665428-2ebc-42a8-a68c-685e4edab303", parameters={}
2025-09-25T00:32:01.438+08:00 DEBUG 25776 --- [java-assessment] [http-nio-8080-exec-6] s.w.s.m.m.a.RequestMappingHandlerMapping : Mapped to com.example.java.assessment.controller.CustomerController#deleteCustomer(UUID)
2025-09-25T00:32:01.449+08:00 DEBUG 25776 --- [java-assessment] [http-nio-8080-exec-6] o.s.w.c.request.async.WebAsyncManager    : Started async request for "/api/customers/4b665428-2ebc-42a8-a68c-685e4edab303"
2025-09-25T00:32:01.449+08:00 DEBUG 25776 --- [java-assessment] [http-nio-8080-exec-6] o.s.web.servlet.DispatcherServlet        : Exiting but response remains open for further handling
2025-09-25T00:32:01.473+08:00 DEBUG 25776 --- [java-assessment] [reactor-tcp-nio-5] o.s.w.c.request.async.WebAsyncManager    : Async result set for "/api/customers/4b665428-2ebc-42a8-a68c-685e4edab303"
2025-09-25T00:32:01.473+08:00 DEBUG 25776 --- [java-assessment] [reactor-tcp-nio-5] o.s.w.c.request.async.WebAsyncManager    : Performing async dispatch for "/api/customers/4b665428-2ebc-42a8-a68c-685e4edab303"
2025-09-25T00:32:01.474+08:00 DEBUG 25776 --- [java-assessment] [http-nio-8080-exec-7] o.s.web.servlet.DispatcherServlet        : "ASYNC" dispatch for DELETE "/api/customers/4b665428-2ebc-42a8-a68c-685e4edab303", parameters={}
2025-09-25T00:32:01.474+08:00 DEBUG 25776 --- [java-assessment] [http-nio-8080-exec-7] s.w.s.m.m.a.RequestMappingHandlerAdapter : Resume with async result []
2025-09-25T00:32:01.475+08:00 DEBUG 25776 --- [java-assessment] [http-nio-8080-exec-7] o.s.web.servlet.DispatcherServlet        : Exiting from "ASYNC" dispatch, status 200
2025-09-25T00:32:12.614+08:00 DEBUG 25776 --- [java-assessment] [http-nio-8080-exec-8] o.s.web.servlet.DispatcherServlet        : GET "/api/customers", parameters={}
2025-09-25T00:32:12.614+08:00 DEBUG 25776 --- [java-assessment] [http-nio-8080-exec-8] s.w.s.m.m.a.RequestMappingHandlerMapping : Mapped to com.example.java.assessment.controller.CustomerController#getAllCustomers()
2025-09-25T00:32:12.618+08:00 DEBUG 25776 --- [java-assessment] [http-nio-8080-exec-8] o.s.w.c.request.async.WebAsyncManager    : Started async request for "/api/customers"
2025-09-25T00:32:12.618+08:00 DEBUG 25776 --- [java-assessment] [http-nio-8080-exec-8] o.s.web.servlet.DispatcherServlet        : Exiting but response remains open for further handling
2025-09-25T00:32:12.620+08:00 DEBUG 25776 --- [java-assessment] [reactor-tcp-nio-5] o.s.w.c.request.async.WebAsyncManager    : Async result set for "/api/customers"
2025-09-25T00:32:12.620+08:00 DEBUG 25776 --- [java-assessment] [reactor-tcp-nio-5] o.s.w.c.request.async.WebAsyncManager    : Performing async dispatch for "/api/customers"
2025-09-25T00:32:12.620+08:00 DEBUG 25776 --- [java-assessment] [http-nio-8080-exec-9] o.s.web.servlet.DispatcherServlet        : "ASYNC" dispatch for GET "/api/customers", parameters={}
2025-09-25T00:32:12.623+08:00 DEBUG 25776 --- [java-assessment] [http-nio-8080-exec-9] s.w.s.m.m.a.RequestMappingHandlerAdapter : Resume with async result [<200 OK OK,BaseResponse(code=200, message=Customer list retrieved successfully, data=[com.example.ja (truncated)...]
2025-09-25T00:32:12.623+08:00 DEBUG 25776 --- [java-assessment] [http-nio-8080-exec-9] o.s.w.s.m.m.a.HttpEntityMethodProcessor  : Using 'application/json', given [*/*] and supported [application/json, application/*+json, application/yaml]
2025-09-25T00:32:12.623+08:00 DEBUG 25776 --- [java-assessment] [http-nio-8080-exec-9] o.s.w.s.m.m.a.HttpEntityMethodProcessor  : Writing [BaseResponse(code=200, message=Customer list retrieved successfully, data=[com.example.java.assessme (truncated)...]
2025-09-25T00:32:12.623+08:00 DEBUG 25776 --- [java-assessment] [http-nio-8080-exec-9] o.s.web.servlet.DispatcherServlet        : Exiting from "ASYNC" dispatch, status 200
2025-09-25T00:34:48.467+08:00  INFO 25776 --- [java-assessment] [SpringApplicationShutdownHook] o.s.b.w.e.tomcat.GracefulShutdown        : Commencing graceful shutdown. Waiting for active requests to complete
2025-09-25T00:34:48.766+08:00  INFO 25776 --- [java-assessment] [tomcat-shutdown] o.s.b.w.e.tomcat.GracefulShutdown        : Graceful shutdown complete
2025-09-25T00:34:53.993+08:00  INFO 28832 --- [java-assessment] [restartedMain] c.e.j.a.JavaAssessmentApplication        : Starting JavaAssessmentApplication using Java 17.0.12 with PID 28832 (C:\Users\gokan\Documents\java-assessment-\target\classes started by User Aina in C:\Users\gokan\Documents\java-assessment-)
2025-09-25T00:34:53.997+08:00  INFO 28832 --- [java-assessment] [restartedMain] c.e.j.a.JavaAssessmentApplication        : No active profile set, falling back to 1 default profile: "default"
2025-09-25T00:34:54.058+08:00  INFO 28832 --- [java-assessment] [restartedMain] .e.DevToolsPropertyDefaultsPostProcessor : Devtools property defaults active! Set 'spring.devtools.add-properties' to 'false' to disable
2025-09-25T00:34:54.059+08:00  INFO 28832 --- [java-assessment] [restartedMain] .e.DevToolsPropertyDefaultsPostProcessor : For additional web related logging consider setting the 'logging.level.web' property to 'DEBUG'
2025-09-25T00:34:54.755+08:00  INFO 28832 --- [java-assessment] [restartedMain] .s.d.r.c.RepositoryConfigurationDelegate : Bootstrapping Spring Data R2DBC repositories in DEFAULT mode.
2025-09-25T00:34:54.920+08:00  INFO 28832 --- [java-assessment] [restartedMain] .s.d.r.c.RepositoryConfigurationDelegate : Finished Spring Data repository scanning in 157 ms. Found 2 R2DBC repository interfaces.
2025-09-25T00:34:55.825+08:00  INFO 28832 --- [java-assessment] [restartedMain] o.s.b.w.embedded.tomcat.TomcatWebServer  : Tomcat initialized with port 8080 (http)
2025-09-25T00:34:55.840+08:00  INFO 28832 --- [java-assessment] [restartedMain] o.apache.catalina.core.StandardService   : Starting service [Tomcat]
2025-09-25T00:34:55.841+08:00  INFO 28832 --- [java-assessment] [restartedMain] o.apache.catalina.core.StandardEngine    : Starting Servlet engine: [Apache Tomcat/10.1.46]
2025-09-25T00:34:55.906+08:00  INFO 28832 --- [java-assessment] [restartedMain] o.a.c.c.C.[Tomcat].[localhost].[/]       : Initializing Spring embedded WebApplicationContext
2025-09-25T00:34:55.906+08:00  INFO 28832 --- [java-assessment] [restartedMain] w.s.c.ServletWebServerApplicationContext : Root WebApplicationContext: initialization completed in 1847 ms
2025-09-25T00:34:56.522+08:00  INFO 28832 --- [java-assessment] [restartedMain] o.s.b.d.a.OptionalLiveReloadServer       : LiveReload server is running on port 35729
2025-09-25T00:34:56.943+08:00 DEBUG 28832 --- [java-assessment] [restartedMain] s.w.s.m.m.a.RequestMappingHandlerMapping : 16 mappings in 'requestMappingHandlerMapping'
2025-09-25T00:34:56.979+08:00 DEBUG 28832 --- [java-assessment] [restartedMain] o.s.w.s.handler.SimpleUrlHandlerMapping  : Patterns [/webjars/**, /**, /swagger-ui*/*swagger-initializer.js, /swagger-ui*/**] in 'resourceHandlerMapping'
2025-09-25T00:34:57.006+08:00 DEBUG 28832 --- [java-assessment] [restartedMain] s.w.s.m.m.a.RequestMappingHandlerAdapter : ControllerAdvice beans: 0 @ModelAttribute, 0 @InitBinder, 1 RequestBodyAdvice, 1 ResponseBodyAdvice
2025-09-25T00:34:57.054+08:00 DEBUG 28832 --- [java-assessment] [restartedMain] .m.m.a.ExceptionHandlerExceptionResolver : ControllerAdvice beans: 2 @ExceptionHandler, 1 ResponseBodyAdvice
2025-09-25T00:34:57.662+08:00  INFO 28832 --- [java-assessment] [restartedMain] o.s.b.w.embedded.tomcat.TomcatWebServer  : Tomcat started on port 8080 (http) with context path '/'
2025-09-25T00:34:57.670+08:00  INFO 28832 --- [java-assessment] [restartedMain] c.e.j.a.JavaAssessmentApplication        : Started JavaAssessmentApplication in 4.26 seconds (process running for 5.067)
2025-09-25T00:35:06.818+08:00  INFO 28832 --- [java-assessment] [http-nio-8080-exec-1] o.a.c.c.C.[Tomcat].[localhost].[/]       : Initializing Spring DispatcherServlet 'dispatcherServlet'
2025-09-25T00:35:06.824+08:00  INFO 28832 --- [java-assessment] [http-nio-8080-exec-1] o.s.web.servlet.DispatcherServlet        : Initializing Servlet 'dispatcherServlet'
2025-09-25T00:35:06.824+08:00 DEBUG 28832 --- [java-assessment] [http-nio-8080-exec-1] o.s.web.servlet.DispatcherServlet        : Detected StandardServletMultipartResolver
2025-09-25T00:35:06.824+08:00 DEBUG 28832 --- [java-assessment] [http-nio-8080-exec-1] o.s.web.servlet.DispatcherServlet        : Detected AcceptHeaderLocaleResolver
2025-09-25T00:35:06.824+08:00 DEBUG 28832 --- [java-assessment] [http-nio-8080-exec-1] o.s.web.servlet.DispatcherServlet        : Detected FixedThemeResolver
2025-09-25T00:35:06.826+08:00 DEBUG 28832 --- [java-assessment] [http-nio-8080-exec-1] o.s.web.servlet.DispatcherServlet        : Detected org.springframework.web.servlet.view.DefaultRequestToViewNameTranslator@163a2c2c
2025-09-25T00:35:06.826+08:00 DEBUG 28832 --- [java-assessment] [http-nio-8080-exec-1] o.s.web.servlet.DispatcherServlet        : Detected org.springframework.web.servlet.support.SessionFlashMapManager@4b2f26f9
2025-09-25T00:35:06.826+08:00 DEBUG 28832 --- [java-assessment] [http-nio-8080-exec-1] o.s.web.servlet.DispatcherServlet        : enableLoggingRequestDetails='false': request parameters and headers will be masked to prevent unsafe logging of potentially sensitive data
2025-09-25T00:35:06.827+08:00  INFO 28832 --- [java-assessment] [http-nio-8080-exec-1] o.s.web.servlet.DispatcherServlet        : Completed initialization in 3 ms
2025-09-25T00:35:06.837+08:00 DEBUG 28832 --- [java-assessment] [http-nio-8080-exec-1] o.s.web.servlet.DispatcherServlet        : DELETE "/api/customers/e2821c7d-3ea9-470c-a1b7-5edd54ea1daa", parameters={}
2025-09-25T00:35:06.850+08:00 DEBUG 28832 --- [java-assessment] [http-nio-8080-exec-1] s.w.s.m.m.a.RequestMappingHandlerMapping : Mapped to com.example.java.assessment.controller.CustomerController#deleteCustomer(UUID)
2025-09-25T00:35:06.940+08:00 DEBUG 28832 --- [java-assessment] [http-nio-8080-exec-1] o.s.w.c.request.async.WebAsyncManager    : Started async request for "/api/customers/e2821c7d-3ea9-470c-a1b7-5edd54ea1daa"
2025-09-25T00:35:06.948+08:00 DEBUG 28832 --- [java-assessment] [http-nio-8080-exec-1] o.s.web.servlet.DispatcherServlet        : Exiting but response remains open for further handling
2025-09-25T00:35:07.056+08:00 DEBUG 28832 --- [java-assessment] [reactor-tcp-nio-5] o.s.w.c.request.async.WebAsyncManager    : Async result set for "/api/customers/e2821c7d-3ea9-470c-a1b7-5edd54ea1daa"
2025-09-25T00:35:07.058+08:00 DEBUG 28832 --- [java-assessment] [reactor-tcp-nio-5] o.s.w.c.request.async.WebAsyncManager    : Performing async dispatch for "/api/customers/e2821c7d-3ea9-470c-a1b7-5edd54ea1daa"
2025-09-25T00:35:07.067+08:00 DEBUG 28832 --- [java-assessment] [http-nio-8080-exec-3] o.s.web.servlet.DispatcherServlet        : "ASYNC" dispatch for DELETE "/api/customers/e2821c7d-3ea9-470c-a1b7-5edd54ea1daa", parameters={}
2025-09-25T00:35:07.067+08:00 DEBUG 28832 --- [java-assessment] [http-nio-8080-exec-3] s.w.s.m.m.a.RequestMappingHandlerAdapter : Resume with async result []
2025-09-25T00:35:07.074+08:00 DEBUG 28832 --- [java-assessment] [http-nio-8080-exec-3] o.s.web.servlet.DispatcherServlet        : Exiting from "ASYNC" dispatch, status 200
